C51 COMPILER V9.60.0.0   KEY_SCAN                                                          06/30/2023 01:45:47 PAGE 1   


C51 COMPILER V9.60.0.0, COMPILATION OF MODULE KEY_SCAN
OBJECT MODULE PLACED IN .\Objects\key_scan.obj
COMPILER INVOKED BY: C:\Keil_v5_c51\C51\BIN\C51.EXE Application\key_scan.c OPTIMIZE(8,SPEED) BROWSE DEBUG OBJECTEXTEND P
                    -RINT(.\Listings\key_scan.lst) TABS(2) OBJECT(.\Objects\key_scan.obj)

line level    source

   1          #include <rtx51tny.h>
   2          #include <reg52.h>
   3          #include <stdio.h>
   4          #include "key_scan.h"
   5          
   6          /****************************************************
   7          函 数 名：single_key_scan
   8          功    能：单按键扫描
   9          入口参数：无
  10          返 回 值：无
  11          应用范围：按键扫描任务
  12          备    注：
  13          *****************************************************/
  14          void single_key_scan(void){
  15   1        if(key2==0){    //读引脚，如果引脚为低电平，则进入if
  16   2              
  17   2                  os_wait2(K_TMO,10); //延时10ms消抖
  18   2                  if(key2==0){   //再次判断按键是否按下，防止干扰，增强稳定
  19   3                    if(display_mode == 1){
  20   4                      display_mode = 2;
  21   4                    }else if(display_mode == 4){
  22   4                      display_mode = 5;
  23   4                    }else if(display_mode == 6){
  24   4                      display_mode = 5;
  25   4                    }else if(display_mode == 3){
  26   4                      speed_choose ++;
  27   4                    if(speed_choose > 3){
  28   5                      speed_choose = 0;
  29   5                    }
  30   4                    }
  31   3                    while(key2==0);//等待按键松开，防止往下执行
  32   3                  }
  33   2              }
  34   1          if(key3==0){    //读引脚，如果引脚为低电平，则进入if
  35   2              
  36   2                  os_wait2(K_TMO,10); //延时10ms消抖
  37   2                  if(key3==0){   //再次判断按键是否按下，防止干扰，增强稳定
  38   3                    if(display_mode == 3){
  39   4                      display_mode = 1;
  40   4                    }else if(display_mode == 1){
  41   4                      display_mode = 5;
  42   4                    }
  43   3                       while(key3==0);//等待按键松开，防止往下执行
  44   3                  }
  45   2          }
  46   1          if(key4==0){    //读引脚，如果引脚为低电平，则进入if
  47   2                  os_wait2(K_TMO,10); //延时10ms消抖
  48   2                  if(key4==0){   //再次判断按键是否按下，防止干扰，增强稳定
  49   3                    if(display_mode == 3){
  50   4                      cw_ccw_flag = ~cw_ccw_flag;
  51   4                    }
  52   3                    while(key4==0);//等待按键松开，防止往下执行
  53   3                  }
  54   2          }
C51 COMPILER V9.60.0.0   KEY_SCAN                                                          06/30/2023 01:45:47 PAGE 2   

  55   1      //    if(key5==0){    //读引脚，如果引脚为低电平，则进入if
  56   1      //            os_wait2(K_TMO,10); //延时10ms消抖
  57   1      //            if(key5==0){   //再次判断按键是否按下，防止干扰，增强稳定
  58   1      //              while(key5==0);//等待按键松开，防止往下执行
  59   1      //            }
  60   1      //    }
  61   1      }


MODULE INFORMATION:   STATIC OVERLAYABLE
   CODE SIZE        =    163    ----
   CONSTANT SIZE    =   ----    ----
   XDATA SIZE       =   ----    ----
   PDATA SIZE       =   ----    ----
   DATA SIZE        =   ----    ----
   IDATA SIZE       =   ----    ----
   BIT SIZE         =   ----    ----
END OF MODULE INFORMATION.


C51 COMPILATION COMPLETE.  0 WARNING(S),  0 ERROR(S)
