C51 COMPILER V9.53.0.0   MAIN                                                              11/16/2021 21:53:20 PAGE 1   


C51 COMPILER V9.53.0.0, COMPILATION OF MODULE MAIN
OBJECT MODULE PLACED IN main.OBJ
COMPILER INVOKED BY: C:\Keil_v5\C51\BIN\C51.EXE main.c OPTIMIZE(8,SPEED) BROWSE DEBUG OBJECTEXTEND

line level    source

   1          /************************************************************************************
   2          *  Copyright (c), 2013, HelTec Automatic Technology co.,LTD.
   3          *            All rights reserved.
   4          *
   5          * Http:    www.heltec.cn
   6          * Email:   cn.heltec@gmail.com
   7          * WebShop: heltec.taobao.com
   8          *
   9          * File name: OLED12864.c
  10          * Project  : OLED
  11          * Processor: STC89C52
  12          * Compiler : Keil C51 Compiler
  13          * 
  14          * Author : 小林
  15          * Version: 1.00
  16          * Date   : 2013.8.8
  17          * Email  : hello14blog@gmail.com
  18          * Modification: none
  19          * 
  20          * Description: 128*64点整OLED模块功能演示程序的主函数，仅适用heltec.taobao.com所售产品
  21          *
  22          * Others: none;
  23          *
  24          * Function List:
  25          *
  26          * 1. void delay(unsigned int z) -- 主函数中用于调整显示效果的延时函数,STC89C52 12MHZ z=1时大约延时1ms,其他
             -频率需要自己计算
  27          * 2. void main(void) -- 主函数
  28          *
  29          * History: none;
  30          *注意说明：CS脚需要接地
  31          *************************************************************************************/
  32          
  33          
  34          //#include "reg52.h"
  35          #include "intrins.h"
  36          #include "codetab.h"
  37          #include "LQ12864.h"
  38          
  39          void main(void)
  40          {
  41   1              unsigned char i;
  42   1      
  43   1              OLED_Init(); //OLED初始化
  44   1              while(1)
  45   1              {
  46   2      //              OLED_Fill(0xff); //屏全亮
  47   2      //              delay(2000);
  48   2      //              OLED_Fill(0x00); //屏全灭
  49   2      //              delay(200);
  50   2      
  51   2                      OLED_P8x16Str(47,0,"LQS");
  52   2                      OLED_P16x16Ch(72,0,0);
  53   2                      OLED_P16x16Ch(24,2,1);
  54   2                      OLED_P16x16Ch(40,2,2);
C51 COMPILER V9.53.0.0   MAIN                                                              11/16/2021 21:53:20 PAGE 2   

  55   2                      OLED_P16x16Ch(57,2,3);
  56   2                      OLED_P16x16Ch(74,2,4);
  57   2                      OLED_P16x16Ch(91,2,5);
  58   2                      OLED_P8x16Str(47,4,"(*3*)");
  59   2                      OLED_P16x16Ch(40,6,6);
  60   2                      OLED_P16x16Ch(57,6,7);
  61   2                      OLED_P16x16Ch(74,6,8);
  62   2                      OLED_P8x16Str(91,6,"!");
  63   2                      
  64   2                      delay(3000);
  65   2                      
  66   2                      OLED_CLS();//清屏
  67   2                      delay(100);
  68   2      
  69   2                      Draw_BMP(0,0,128,8,BMP3);  //图片显示(图片显示慎用，生成的字表较大，会占用较多空间，FLASH空间8K以下慎用)
  70   2      
  71   2                      delay(3000);
  72   2                      OLED_CLS();//清屏
  73   2                      delay(100);
  74   2      
  75   2              }
  76   1      }
*** WARNING C280 IN LINE 41 OF main.c: 'i': unreferenced local variable


MODULE INFORMATION:   STATIC OVERLAYABLE
   CODE SIZE        =   1035    ----
   CONSTANT SIZE    =   6468    ----
   XDATA SIZE       =   ----    ----
   PDATA SIZE       =   ----    ----
   DATA SIZE        =   ----      32
   IDATA SIZE       =   ----    ----
   BIT SIZE         =   ----    ----
END OF MODULE INFORMATION.


C51 COMPILATION COMPLETE.  1 WARNING(S),  0 ERROR(S)
