C51 COMPILER V9.60.0.0   IIC_OLED                                                          06/26/2023 20:12:40 PAGE 1   


C51 COMPILER V9.60.0.0, COMPILATION OF MODULE IIC_OLED
OBJECT MODULE PLACED IN .\Objects\IIC_OLED.obj
COMPILER INVOKED BY: C:\Keil_v5_c51\C51\BIN\C51.EXE Application\IIC_OLED.c OPTIMIZE(8,SPEED) BROWSE DEBUG OBJECTEXTEND P
                    -RINT(.\Listings\IIC_OLED.lst) TABS(2) OBJECT(.\Objects\IIC_OLED.obj)

line level    source

   1          #include "intrins.h"
   2          #include "LQ12864.h"
*** ERROR C202 IN LINE 207 OF Application\LQ12864.h: 'F6x8': undefined identifier
*** ERROR C202 IN LINE 222 OF Application\LQ12864.h: 'F8X16': undefined identifier
*** ERROR C202 IN LINE 225 OF Application\LQ12864.h: 'F8X16': undefined identifier
*** ERROR C202 IN LINE 238 OF Application\LQ12864.h: 'F16x16': undefined identifier
*** ERROR C202 IN LINE 244 OF Application\LQ12864.h: 'F16x16': undefined identifier
   3          /************************************************************************************
   4          *  Copyright (c), 2013, HelTec Automatic Technology co.,LTD.
   5          *            All rights reserved.
   6          *
   7          * Http:    www.heltec.cn
   8          * Email:   cn.heltec@gmail.com
   9          * WebShop: shop105719768.taobao.com
  10          *
  11          * File name: codetab.h
  12          * Project  : OLED
  13          * Processor: STC89C52
  14          * Compiler : Keil C51 Compiler
  15          * 
  16          * Author : 小林
  17          * Version: 1.00
  18          * Date   : 2013.8.8
  19          * Email  : hello14blog@gmail.com
  20          * Modification: none
  21          * 
  22          * Description:
  23          * 1. 128*64点整OLED模块功能演示程序的字表，仅适用heltec.taobao.com所售产品;
  24          * 2. 字表由打包资料中的“取字软件”计算得出;
  25          * 3. 取字方式 -- 共阴、列行式、逆向输出
  26          *
  27          * Others: none;
  28          *
  29          * Function List:
  30          *
  31          * 1. void delay(unsigned int z) -- 主函数中用于调整显示效果的延时函数,STC89C52 12MHZ z=1时大约延时1ms,其他
             -频率需要自己计算
  32          * 2. void main(void) -- 主函数
  33          *
  34          * History: none;
  35          *
  36          *************************************************************************************/
  37          
  38          ////#include "reg52.h"
  39          ///***************************16*16的点阵字体取模方式：共阴――列行式――逆向输出*********/
  40          const unsigned char code F16x16[] =        
  41          {     
  42          0x00,0x00,0x00,0x00,0x00,0x00,0x00,0x00,0x00,0x00,0x00,0x00,0x00,0x00,0x00,0x00,/*" ",0*/
  43          0x00,0x00,0x00,0x00,0x00,0x00,0x00,0x00,0x00,0x00,0x00,0x00,0x00,0x00,0x00,0x00,/*" ",0*/
  44          
  45          0x00,0x02,0x02,0xFA,0xFA,0xAA,0xAA,0xFF,0xFF,0xAA,0xAA,0xFA,0xFA,0x02,0x02,0x00,
  46          0x00,0x42,0x72,0x72,0x3A,0x7A,0x42,0x4B,0x5B,0x52,0x62,0x62,0x13,0x77,0x66,0x00,/*"惠",1*/
  47          
  48          0x20,0x3C,0x1C,0xFF,0xFF,0xB0,0xB4,0x24,0x24,0x3F,0x3F,0xE4,0xE4,0x24,0x24,0x20,
C51 COMPILER V9.60.0.0   IIC_OLED                                                          06/26/2023 20:12:40 PAGE 2   

  49          0x02,0x02,0x03,0xFF,0xFF,0x00,0x01,0x05,0x1D,0x59,0xC1,0xFF,0x7F,0x01,0x01,0x01,/*"特",2*/
  50          
  51          0x00,0x00,0x00,0xF8,0xF8,0x48,0x4C,0x4F,0x4B,0x4A,0x48,0x48,0xF8,0xF8,0x00,0x00,
  52          0x00,0x00,0x00,0xFF,0xFF,0x44,0x44,0x44,0x44,0x44,0x44,0x44,0xFF,0xFF,0x00,0x00,/*"自",3*/
  53          
  54          0x20,0x24,0x24,0xE4,0xE4,0x24,0x24,0x24,0x30,0x10,0xFF,0xFF,0x10,0xF0,0xF0,0x00,
  55          0x08,0x1C,0x1F,0x0B,0x0C,0x0D,0x4F,0x6E,0x34,0x1C,0x0F,0x23,0x60,0x7F,0x3F,0x00,/*"动",4*/
  56          
  57          0x80,0xC0,0x60,0xF8,0xFF,0x07,0x02,0x00,0xFF,0xFF,0xE0,0x70,0x3C,0x1C,0x08,0x00,
  58          0x00,0x00,0x00,0x7F,0x7F,0x04,0x06,0x03,0x3F,0x7F,0x40,0x40,0x40,0x78,0x78,0x00,/*"化",5*/
  59          
  60          0x00,0x00,0x00,0x00,0x00,0x00,0x00,0x00,0x00,0x00,0x00,0x00,0x00,0x00,0x00,0x00,/*" ",6*/
  61          0x00,0x00,0x00,0x00,0x00,0x00,0x00,0x00,0x00,0x00,0x00,0x00,0x00,0x00,0x00,0x00,/*" ",6*/
  62          0x00,0x00,0x00,0x00,0x00,0x00,0x00,0x00,0x00,0x00,0x00,0x00,0x00,0x00,0x00,0x00,/*" ",7*/
  63          0x00,0x00,0x00,0x00,0x00,0x00,0x00,0x00,0x00,0x00,0x00,0x00,0x00,0x00,0x00,0x00,/*" ",7*/
  64          
  65          
  66          0x10,0x21,0x86,0x70,0x00,0x7E,0x4A,0x4A,0x4A,0x4A,0x4A,0x7E,0x00,0x00,0x00,0x00,
  67          0x02,0xFE,0x01,0x40,0x7F,0x41,0x41,0x7F,0x41,0x41,0x7F,0x41,0x41,0x7F,0x40,0x00,/*"温",8*/
  68          0x00,0x00,0xFC,0x04,0x24,0x24,0xFC,0xA5,0xA6,0xA4,0xFC,0x24,0x24,0x24,0x04,0x00,
  69          0x80,0x60,0x1F,0x80,0x80,0x42,0x46,0x2A,0x12,0x12,0x2A,0x26,0x42,0xC0,0x40,0x00,/*"度",9*/
  70          0x08,0x08,0x08,0xFF,0x88,0x48,0x00,0x98,0x48,0x28,0x0A,0x2C,0x48,0xD8,0x08,0x00,
  71          0x02,0x42,0x81,0x7F,0x00,0x00,0x40,0x42,0x42,0x42,0x7E,0x42,0x42,0x42,0x40,0x00,/*"控",10*/
  72          0x00,0x50,0x4F,0x4A,0x48,0xFF,0x48,0x48,0x48,0x00,0xFC,0x00,0x00,0xFF,0x00,0x00,
  73          0x00,0x00,0x3F,0x01,0x01,0xFF,0x21,0x61,0x3F,0x00,0x0F,0x40,0x80,0x7F,0x00,0x00,/*"制",11*/
  74          0x00,0x90,0x8C,0xA4,0xA4,0xA4,0xA5,0xA6,0xA4,0xA4,0xA4,0xA4,0x94,0x8C,0x04,0x00,
  75          0x00,0x80,0x40,0x20,0x18,0x07,0x00,0x00,0x00,0x3F,0x40,0x40,0x40,0x70,0x00,0x00,/*"完",12*/
  76          0x00,0x04,0x74,0xD4,0xFF,0xD4,0x74,0x04,0x10,0x0C,0xB7,0x44,0xB4,0x0C,0x04,0x00,
  77          0x00,0x42,0x43,0x7A,0x43,0x42,0x43,0x7E,0x4B,0x4B,0x4A,0x4A,0x42,0x43,0x01,0x00,/*"整",13*/
  78          0x08,0x08,0x08,0x08,0x08,0x08,0xF9,0x4A,0x4C,0x48,0x48,0xC8,0x08,0x08,0x08,0x00,
  79          0x40,0x40,0x20,0x10,0x0C,0x03,0x00,0x00,0x20,0x40,0x40,0x3F,0x00,0x00,0x00,0x00,/*"方",14*/
  80          0x00,0x20,0x2C,0x24,0x64,0x74,0xAD,0xA6,0xE4,0x34,0x24,0x24,0x2C,0x24,0x00,0x00,
  81          0x00,0x24,0x24,0x25,0x15,0x15,0x0D,0xFE,0x04,0x0D,0x17,0x14,0x24,0x64,0x24,0x00,/*"案",15*/
  82          
  83          
  84          0x00,0x00,0x00,0xF8,0x48,0x48,0x4C,0x4B,0x4A,0x48,0x48,0x48,0xF8,0x00,0x00,0x00,
  85          0x00,0x00,0x00,0xFF,0x44,0x44,0x44,0x44,0x44,0x44,0x44,0x44,0xFF,0x00,0x00,0x00,/*"自",16*/
  86          0x20,0x24,0x24,0xE4,0x24,0x24,0x24,0x20,0x10,0x10,0xFF,0x10,0x10,0xF0,0x00,0x00,
  87          0x08,0x1C,0x0B,0x08,0x0C,0x05,0x4E,0x24,0x10,0x0C,0x03,0x20,0x40,0x3F,0x00,0x00,/*"动",17*/
  88          0x08,0x08,0x08,0xFF,0x88,0x48,0x00,0x98,0x48,0x28,0x0A,0x2C,0x48,0xD8,0x08,0x00,
  89          0x02,0x42,0x81,0x7F,0x00,0x00,0x40,0x42,0x42,0x42,0x7E,0x42,0x42,0x42,0x40,0x00,/*"控",18*/
  90          0x00,0x50,0x4F,0x4A,0x48,0xFF,0x48,0x48,0x48,0x00,0xFC,0x00,0x00,0xFF,0x00,0x00,
  91          0x00,0x00,0x3F,0x01,0x01,0xFF,0x21,0x61,0x3F,0x00,0x0F,0x40,0x80,0x7F,0x00,0x00,/*"制",19*/
  92          0x08,0x07,0xFA,0xAA,0xAE,0xAA,0xAA,0xA8,0xAC,0xAB,0xAA,0xFE,0x0A,0x02,0x02,0x00,
  93          0x08,0x08,0x8B,0x6A,0x1E,0x0A,0x0A,0x0A,0x0A,0xFE,0x0A,0x0B,0x08,0x08,0x08,0x00,/*"算",20*/
  94          0x10,0x60,0x01,0xC6,0x30,0x00,0x10,0x10,0x10,0xFF,0x10,0x10,0x10,0x10,0x00,0x00,
  95          0x04,0x04,0xFE,0x01,0x00,0x41,0x61,0x51,0x4D,0x43,0x41,0x41,0x51,0xE1,0x01,0x00,/*"法",21*/
  96          0x40,0x41,0xCE,0x04,0x00,0x80,0x40,0xBE,0x82,0x82,0x82,0xBE,0xC0,0x40,0x40,0x00,
  97          0x00,0x00,0x7F,0x20,0x90,0x80,0x40,0x43,0x2C,0x10,0x10,0x2C,0x43,0xC0,0x40,0x00,/*"设",22*/
  98          0x20,0x21,0x2E,0xE4,0x00,0x00,0x20,0x20,0x20,0x20,0xFF,0x20,0x20,0x20,0x20,0x00,
  99          0x00,0x00,0x00,0x7F,0x20,0x10,0x08,0x00,0x00,0x00,0xFF,0x00,0x00,0x00,0x00,0x00,/*"计",23*/
 100          
 101          
 102          0x00,0x00,0xF8,0x48,0x48,0x48,0x48,0xFF,0x48,0x48,0x48,0x48,0xF8,0x00,0x00,0x00,
 103          0x00,0x00,0x0F,0x04,0x04,0x04,0x04,0x3F,0x44,0x44,0x44,0x44,0x4F,0x40,0x70,0x00,/*"电",24*/
 104          0x00,0x00,0x02,0x02,0x02,0x02,0x02,0xE2,0x12,0x0A,0x06,0x02,0x00,0x80,0x00,0x00,
 105          0x01,0x01,0x01,0x01,0x01,0x41,0x81,0x7F,0x01,0x01,0x01,0x01,0x01,0x01,0x01,0x00,/*"子",25*/
 106          0x00,0x20,0x20,0x22,0x22,0xE2,0x22,0x22,0x22,0xE2,0x22,0x22,0x22,0x20,0x20,0x00,
 107          0x00,0x40,0x20,0x10,0x0C,0x03,0x00,0x00,0x00,0x3F,0x40,0x40,0x40,0x40,0x70,0x00,/*"元",26*/
 108          0x40,0x20,0xF8,0x0F,0x82,0x60,0x1E,0x14,0x10,0xFF,0x10,0x10,0x10,0x10,0x00,0x00,
 109          0x00,0x00,0xFF,0x00,0x01,0x01,0x01,0x01,0x01,0xFF,0x01,0x01,0x01,0x01,0x01,0x00,/*"件",27*/
 110          0x00,0x00,0x00,0x00,0x7E,0x48,0x48,0x48,0x48,0x48,0x48,0x48,0x48,0xCC,0x08,0x00,
C51 COMPILER V9.60.0.0   IIC_OLED                                                          06/26/2023 20:12:40 PAGE 3   

 111          0x00,0x04,0x04,0x04,0x04,0x04,0x04,0x04,0x04,0x24,0x46,0x44,0x20,0x1F,0x00,0x00,/*"与",28*/
 112          0x84,0x94,0x94,0xFF,0x94,0x94,0x80,0x24,0x24,0x24,0xFC,0x12,0x13,0x12,0x00,0x00,
 113          0x20,0x18,0x06,0xFF,0x02,0x1C,0x0A,0x02,0x02,0x02,0x3F,0x41,0x41,0x41,0x71,0x00,/*"耗",29*/
 114          0x10,0x10,0xD0,0xFE,0x50,0x90,0x00,0x10,0x10,0x10,0xD0,0xFE,0x10,0x10,0x10,0x00,
 115          0x08,0x06,0x01,0xFF,0x00,0x01,0x10,0x08,0x04,0x43,0x80,0x7F,0x00,0x00,0x00,0x00,/*"材",30*/
 116          0x90,0x88,0xA7,0xA2,0xA6,0xBA,0xA2,0xF8,0xA7,0xA2,0xA6,0xBA,0xA2,0x82,0x80,0x00,
 117          0x00,0x04,0x04,0x04,0x04,0x0C,0x34,0x04,0x44,0x84,0x7F,0x04,0x04,0x04,0x00,0x00,/*"等",31*/
 118          };
 119          
 120          /************************************6*8的点阵************************************/
 121          const unsigned char code F6x8[][6] =
 122          {
 123          0x00, 0x00, 0x00, 0x00, 0x00, 0x00,// sp
 124          0x00, 0x00, 0x00, 0x2f, 0x00, 0x00,// !
 125          0x00, 0x00, 0x07, 0x00, 0x07, 0x00,// "
 126          0x00, 0x14, 0x7f, 0x14, 0x7f, 0x14,// #
 127          0x00, 0x24, 0x2a, 0x7f, 0x2a, 0x12,// $
 128          0x00, 0x62, 0x64, 0x08, 0x13, 0x23,// %
 129          0x00, 0x36, 0x49, 0x55, 0x22, 0x50,// &
 130          0x00, 0x00, 0x05, 0x03, 0x00, 0x00,// '
 131          0x00, 0x00, 0x1c, 0x22, 0x41, 0x00,// (
 132          0x00, 0x00, 0x41, 0x22, 0x1c, 0x00,// )
 133          0x00, 0x14, 0x08, 0x3E, 0x08, 0x14,// *
 134          0x00, 0x08, 0x08, 0x3E, 0x08, 0x08,// +
 135          0x00, 0x00, 0x00, 0xA0, 0x60, 0x00,// ,
 136          0x00, 0x08, 0x08, 0x08, 0x08, 0x08,// -
 137          0x00, 0x00, 0x60, 0x60, 0x00, 0x00,// .
 138          0x00, 0x20, 0x10, 0x08, 0x04, 0x02,// /
 139          0x00, 0x3E, 0x51, 0x49, 0x45, 0x3E,// 0
 140          0x00, 0x00, 0x42, 0x7F, 0x40, 0x00,// 1
 141          0x00, 0x42, 0x61, 0x51, 0x49, 0x46,// 2
 142          0x00, 0x21, 0x41, 0x45, 0x4B, 0x31,// 3
 143          0x00, 0x18, 0x14, 0x12, 0x7F, 0x10,// 4
 144          0x00, 0x27, 0x45, 0x45, 0x45, 0x39,// 5
 145          0x00, 0x3C, 0x4A, 0x49, 0x49, 0x30,// 6
 146          0x00, 0x01, 0x71, 0x09, 0x05, 0x03,// 7
 147          0x00, 0x36, 0x49, 0x49, 0x49, 0x36,// 8
 148          0x00, 0x06, 0x49, 0x49, 0x29, 0x1E,// 9
 149          0x00, 0x00, 0x36, 0x36, 0x00, 0x00,// :
 150          0x00, 0x00, 0x56, 0x36, 0x00, 0x00,// ;
 151          0x00, 0x08, 0x14, 0x22, 0x41, 0x00,// <
 152          0x00, 0x14, 0x14, 0x14, 0x14, 0x14,// =
 153          0x00, 0x00, 0x41, 0x22, 0x14, 0x08,// >
 154          0x00, 0x02, 0x01, 0x51, 0x09, 0x06,// ?
 155          0x00, 0x32, 0x49, 0x59, 0x51, 0x3E,// @
 156          0x00, 0x7C, 0x12, 0x11, 0x12, 0x7C,// A
 157          0x00, 0x7F, 0x49, 0x49, 0x49, 0x36,// B
 158          0x00, 0x3E, 0x41, 0x41, 0x41, 0x22,// C
 159          0x00, 0x7F, 0x41, 0x41, 0x22, 0x1C,// D
 160          0x00, 0x7F, 0x49, 0x49, 0x49, 0x41,// E
 161          0x00, 0x7F, 0x09, 0x09, 0x09, 0x01,// F
 162          0x00, 0x3E, 0x41, 0x49, 0x49, 0x7A,// G
 163          0x00, 0x7F, 0x08, 0x08, 0x08, 0x7F,// H
 164          0x00, 0x00, 0x41, 0x7F, 0x41, 0x00,// I
 165          0x00, 0x20, 0x40, 0x41, 0x3F, 0x01,// J
 166          0x00, 0x7F, 0x08, 0x14, 0x22, 0x41,// K
 167          0x00, 0x7F, 0x40, 0x40, 0x40, 0x40,// L
 168          0x00, 0x7F, 0x02, 0x0C, 0x02, 0x7F,// M
 169          0x00, 0x7F, 0x04, 0x08, 0x10, 0x7F,// N
 170          0x00, 0x3E, 0x41, 0x41, 0x41, 0x3E,// O
 171          0x00, 0x7F, 0x09, 0x09, 0x09, 0x06,// P
 172          0x00, 0x3E, 0x41, 0x51, 0x21, 0x5E,// Q
C51 COMPILER V9.60.0.0   IIC_OLED                                                          06/26/2023 20:12:40 PAGE 4   

 173          0x00, 0x7F, 0x09, 0x19, 0x29, 0x46,// R
 174          0x00, 0x46, 0x49, 0x49, 0x49, 0x31,// S
 175          0x00, 0x01, 0x01, 0x7F, 0x01, 0x01,// T
 176          0x00, 0x3F, 0x40, 0x40, 0x40, 0x3F,// U
 177          0x00, 0x1F, 0x20, 0x40, 0x20, 0x1F,// V
 178          0x00, 0x3F, 0x40, 0x38, 0x40, 0x3F,// W
 179          0x00, 0x63, 0x14, 0x08, 0x14, 0x63,// X
 180          0x00, 0x07, 0x08, 0x70, 0x08, 0x07,// Y
 181          0x00, 0x61, 0x51, 0x49, 0x45, 0x43,// Z
 182          0x00, 0x00, 0x7F, 0x41, 0x41, 0x00,// [
 183          0x00, 0x55, 0x2A, 0x55, 0x2A, 0x55,// 55
 184          0x00, 0x00, 0x41, 0x41, 0x7F, 0x00,// ]
 185          0x00, 0x04, 0x02, 0x01, 0x02, 0x04,// ^
 186          0x00, 0x40, 0x40, 0x40, 0x40, 0x40,// _
 187          0x00, 0x00, 0x01, 0x02, 0x04, 0x00,// '
 188          0x00, 0x20, 0x54, 0x54, 0x54, 0x78,// a
 189          0x00, 0x7F, 0x48, 0x44, 0x44, 0x38,// b
 190          0x00, 0x38, 0x44, 0x44, 0x44, 0x20,// c
 191          0x00, 0x38, 0x44, 0x44, 0x48, 0x7F,// d
 192          0x00, 0x38, 0x54, 0x54, 0x54, 0x18,// e
 193          0x00, 0x08, 0x7E, 0x09, 0x01, 0x02,// f
 194          0x00, 0x18, 0xA4, 0xA4, 0xA4, 0x7C,// g
 195          0x00, 0x7F, 0x08, 0x04, 0x04, 0x78,// h
 196          0x00, 0x00, 0x44, 0x7D, 0x40, 0x00,// i
 197          0x00, 0x40, 0x80, 0x84, 0x7D, 0x00,// j
 198          0x00, 0x7F, 0x10, 0x28, 0x44, 0x00,// k
 199          0x00, 0x00, 0x41, 0x7F, 0x40, 0x00,// l
 200          0x00, 0x7C, 0x04, 0x18, 0x04, 0x78,// m
 201          0x00, 0x7C, 0x08, 0x04, 0x04, 0x78,// n
 202          0x00, 0x38, 0x44, 0x44, 0x44, 0x38,// o
 203          0x00, 0xFC, 0x24, 0x24, 0x24, 0x18,// p
 204          0x00, 0x18, 0x24, 0x24, 0x18, 0xFC,// q
 205          0x00, 0x7C, 0x08, 0x04, 0x04, 0x08,// r
 206          0x00, 0x48, 0x54, 0x54, 0x54, 0x20,// s
 207          0x00, 0x04, 0x3F, 0x44, 0x40, 0x20,// t
 208          0x00, 0x3C, 0x40, 0x40, 0x20, 0x7C,// u
 209          0x00, 0x1C, 0x20, 0x40, 0x20, 0x1C,// v
 210          0x00, 0x3C, 0x40, 0x30, 0x40, 0x3C,// w
 211          0x00, 0x44, 0x28, 0x10, 0x28, 0x44,// x
 212          0x00, 0x1C, 0xA0, 0xA0, 0xA0, 0x7C,// y
 213          0x00, 0x44, 0x64, 0x54, 0x4C, 0x44,// z
 214          0x14, 0x14, 0x14, 0x14, 0x14, 0x14,// horiz lines
 215          };
 216          /****************************************8*16的点阵************************************/
 217          const unsigned char code F8X16[]=   
 218          {
 219            0x00,0x00,0x00,0x00,0x00,0x00,0x00,0x00,0x00,0x00,0x00,0x00,0x00,0x00,0x00,0x00,// 0
 220            0x00,0x00,0x00,0xF8,0x00,0x00,0x00,0x00,0x00,0x00,0x00,0x33,0x30,0x00,0x00,0x00,//! 1
 221            0x00,0x10,0x0C,0x06,0x10,0x0C,0x06,0x00,0x00,0x00,0x00,0x00,0x00,0x00,0x00,0x00,//" 2
 222            0x40,0xC0,0x78,0x40,0xC0,0x78,0x40,0x00,0x04,0x3F,0x04,0x04,0x3F,0x04,0x04,0x00,//# 3
 223            0x00,0x70,0x88,0xFC,0x08,0x30,0x00,0x00,0x00,0x18,0x20,0xFF,0x21,0x1E,0x00,0x00,//$ 4
 224            0xF0,0x08,0xF0,0x00,0xE0,0x18,0x00,0x00,0x00,0x21,0x1C,0x03,0x1E,0x21,0x1E,0x00,//% 5
 225            0x00,0xF0,0x08,0x88,0x70,0x00,0x00,0x00,0x1E,0x21,0x23,0x24,0x19,0x27,0x21,0x10,//& 6
 226            0x10,0x16,0x0E,0x00,0x00,0x00,0x00,0x00,0x00,0x00,0x00,0x00,0x00,0x00,0x00,0x00,//' 7
 227            0x00,0x00,0x00,0xE0,0x18,0x04,0x02,0x00,0x00,0x00,0x00,0x07,0x18,0x20,0x40,0x00,//( 8
 228            0x00,0x02,0x04,0x18,0xE0,0x00,0x00,0x00,0x00,0x40,0x20,0x18,0x07,0x00,0x00,0x00,//) 9
 229            0x40,0x40,0x80,0xF0,0x80,0x40,0x40,0x00,0x02,0x02,0x01,0x0F,0x01,0x02,0x02,0x00,//* 10
 230            0x00,0x00,0x00,0xF0,0x00,0x00,0x00,0x00,0x01,0x01,0x01,0x1F,0x01,0x01,0x01,0x00,//+ 11
 231            0x00,0x00,0x00,0x00,0x00,0x00,0x00,0x00,0x80,0xB0,0x70,0x00,0x00,0x00,0x00,0x00,//, 12
 232            0x00,0x00,0x00,0x00,0x00,0x00,0x00,0x00,0x00,0x01,0x01,0x01,0x01,0x01,0x01,0x01,//- 13
 233            0x00,0x00,0x00,0x00,0x00,0x00,0x00,0x00,0x00,0x30,0x30,0x00,0x00,0x00,0x00,0x00,//. 14
 234            0x00,0x00,0x00,0x00,0x80,0x60,0x18,0x04,0x00,0x60,0x18,0x06,0x01,0x00,0x00,0x00,/// 15
C51 COMPILER V9.60.0.0   IIC_OLED                                                          06/26/2023 20:12:40 PAGE 5   

 235            0x00,0xE0,0x10,0x08,0x08,0x10,0xE0,0x00,0x00,0x0F,0x10,0x20,0x20,0x10,0x0F,0x00,//0 16
 236            0x00,0x10,0x10,0xF8,0x00,0x00,0x00,0x00,0x00,0x20,0x20,0x3F,0x20,0x20,0x00,0x00,//1 17
 237            0x00,0x70,0x08,0x08,0x08,0x88,0x70,0x00,0x00,0x30,0x28,0x24,0x22,0x21,0x30,0x00,//2 18
 238            0x00,0x30,0x08,0x88,0x88,0x48,0x30,0x00,0x00,0x18,0x20,0x20,0x20,0x11,0x0E,0x00,//3 19
 239            0x00,0x00,0xC0,0x20,0x10,0xF8,0x00,0x00,0x00,0x07,0x04,0x24,0x24,0x3F,0x24,0x00,//4 20
 240            0x00,0xF8,0x08,0x88,0x88,0x08,0x08,0x00,0x00,0x19,0x21,0x20,0x20,0x11,0x0E,0x00,//5 21
 241            0x00,0xE0,0x10,0x88,0x88,0x18,0x00,0x00,0x00,0x0F,0x11,0x20,0x20,0x11,0x0E,0x00,//6 22
 242            0x00,0x38,0x08,0x08,0xC8,0x38,0x08,0x00,0x00,0x00,0x00,0x3F,0x00,0x00,0x00,0x00,//7 23
 243            0x00,0x70,0x88,0x08,0x08,0x88,0x70,0x00,0x00,0x1C,0x22,0x21,0x21,0x22,0x1C,0x00,//8 24
 244            0x00,0xE0,0x10,0x08,0x08,0x10,0xE0,0x00,0x00,0x00,0x31,0x22,0x22,0x11,0x0F,0x00,//9 25
 245            0x00,0x00,0x00,0xC0,0xC0,0x00,0x00,0x00,0x00,0x00,0x00,0x30,0x30,0x00,0x00,0x00,//: 26
 246            0x00,0x00,0x00,0x80,0x00,0x00,0x00,0x00,0x00,0x00,0x80,0x60,0x00,0x00,0x00,0x00,//; 27
 247            0x00,0x00,0x80,0x40,0x20,0x10,0x08,0x00,0x00,0x01,0x02,0x04,0x08,0x10,0x20,0x00,//< 28
 248            0x40,0x40,0x40,0x40,0x40,0x40,0x40,0x00,0x04,0x04,0x04,0x04,0x04,0x04,0x04,0x00,//= 29
 249            0x00,0x08,0x10,0x20,0x40,0x80,0x00,0x00,0x00,0x20,0x10,0x08,0x04,0x02,0x01,0x00,//> 30
 250            0x00,0x70,0x48,0x08,0x08,0x08,0xF0,0x00,0x00,0x00,0x00,0x30,0x36,0x01,0x00,0x00,//? 31
 251            0xC0,0x30,0xC8,0x28,0xE8,0x10,0xE0,0x00,0x07,0x18,0x27,0x24,0x23,0x14,0x0B,0x00,//@ 32
 252            0x00,0x00,0xC0,0x38,0xE0,0x00,0x00,0x00,0x20,0x3C,0x23,0x02,0x02,0x27,0x38,0x20,//A 33
 253            0x08,0xF8,0x88,0x88,0x88,0x70,0x00,0x00,0x20,0x3F,0x20,0x20,0x20,0x11,0x0E,0x00,//B 34
 254            0xC0,0x30,0x08,0x08,0x08,0x08,0x38,0x00,0x07,0x18,0x20,0x20,0x20,0x10,0x08,0x00,//C 35
 255            0x08,0xF8,0x08,0x08,0x08,0x10,0xE0,0x00,0x20,0x3F,0x20,0x20,0x20,0x10,0x0F,0x00,//D 36
 256            0x08,0xF8,0x88,0x88,0xE8,0x08,0x10,0x00,0x20,0x3F,0x20,0x20,0x23,0x20,0x18,0x00,//E 37
 257            0x08,0xF8,0x88,0x88,0xE8,0x08,0x10,0x00,0x20,0x3F,0x20,0x00,0x03,0x00,0x00,0x00,//F 38
 258            0xC0,0x30,0x08,0x08,0x08,0x38,0x00,0x00,0x07,0x18,0x20,0x20,0x22,0x1E,0x02,0x00,//G 39
 259            0x08,0xF8,0x08,0x00,0x00,0x08,0xF8,0x08,0x20,0x3F,0x21,0x01,0x01,0x21,0x3F,0x20,//H 40
 260            0x00,0x08,0x08,0xF8,0x08,0x08,0x00,0x00,0x00,0x20,0x20,0x3F,0x20,0x20,0x00,0x00,//I 41
 261            0x00,0x00,0x08,0x08,0xF8,0x08,0x08,0x00,0xC0,0x80,0x80,0x80,0x7F,0x00,0x00,0x00,//J 42
 262            0x08,0xF8,0x88,0xC0,0x28,0x18,0x08,0x00,0x20,0x3F,0x20,0x01,0x26,0x38,0x20,0x00,//K 43
 263            0x08,0xF8,0x08,0x00,0x00,0x00,0x00,0x00,0x20,0x3F,0x20,0x20,0x20,0x20,0x30,0x00,//L 44
 264            0x08,0xF8,0xF8,0x00,0xF8,0xF8,0x08,0x00,0x20,0x3F,0x00,0x3F,0x00,0x3F,0x20,0x00,//M 45
 265            0x08,0xF8,0x30,0xC0,0x00,0x08,0xF8,0x08,0x20,0x3F,0x20,0x00,0x07,0x18,0x3F,0x00,//N 46
 266            0xE0,0x10,0x08,0x08,0x08,0x10,0xE0,0x00,0x0F,0x10,0x20,0x20,0x20,0x10,0x0F,0x00,//O 47
 267            0x08,0xF8,0x08,0x08,0x08,0x08,0xF0,0x00,0x20,0x3F,0x21,0x01,0x01,0x01,0x00,0x00,//P 48
 268            0xE0,0x10,0x08,0x08,0x08,0x10,0xE0,0x00,0x0F,0x18,0x24,0x24,0x38,0x50,0x4F,0x00,//Q 49
 269            0x08,0xF8,0x88,0x88,0x88,0x88,0x70,0x00,0x20,0x3F,0x20,0x00,0x03,0x0C,0x30,0x20,//R 50
 270            0x00,0x70,0x88,0x08,0x08,0x08,0x38,0x00,0x00,0x38,0x20,0x21,0x21,0x22,0x1C,0x00,//S 51
 271            0x18,0x08,0x08,0xF8,0x08,0x08,0x18,0x00,0x00,0x00,0x20,0x3F,0x20,0x00,0x00,0x00,//T 52
 272            0x08,0xF8,0x08,0x00,0x00,0x08,0xF8,0x08,0x00,0x1F,0x20,0x20,0x20,0x20,0x1F,0x00,//U 53
 273            0x08,0x78,0x88,0x00,0x00,0xC8,0x38,0x08,0x00,0x00,0x07,0x38,0x0E,0x01,0x00,0x00,//V 54
 274            0xF8,0x08,0x00,0xF8,0x00,0x08,0xF8,0x00,0x03,0x3C,0x07,0x00,0x07,0x3C,0x03,0x00,//W 55
 275            0x08,0x18,0x68,0x80,0x80,0x68,0x18,0x08,0x20,0x30,0x2C,0x03,0x03,0x2C,0x30,0x20,//X 56
 276            0x08,0x38,0xC8,0x00,0xC8,0x38,0x08,0x00,0x00,0x00,0x20,0x3F,0x20,0x00,0x00,0x00,//Y 57
 277            0x10,0x08,0x08,0x08,0xC8,0x38,0x08,0x00,0x20,0x38,0x26,0x21,0x20,0x20,0x18,0x00,//Z 58
 278            0x00,0x00,0x00,0xFE,0x02,0x02,0x02,0x00,0x00,0x00,0x00,0x7F,0x40,0x40,0x40,0x00,//[ 59
 279            0x00,0x0C,0x30,0xC0,0x00,0x00,0x00,0x00,0x00,0x00,0x00,0x01,0x06,0x38,0xC0,0x00,//\ 60
 280            0x00,0x02,0x02,0x02,0xFE,0x00,0x00,0x00,0x00,0x40,0x40,0x40,0x7F,0x00,0x00,0x00,//] 61
 281            0x00,0x00,0x04,0x02,0x02,0x02,0x04,0x00,0x00,0x00,0x00,0x00,0x00,0x00,0x00,0x00,//^ 62
 282            0x00,0x00,0x00,0x00,0x00,0x00,0x00,0x00,0x80,0x80,0x80,0x80,0x80,0x80,0x80,0x80,//_ 63
 283            0x00,0x02,0x02,0x04,0x00,0x00,0x00,0x00,0x00,0x00,0x00,0x00,0x00,0x00,0x00,0x00,//` 64
 284            0x00,0x00,0x80,0x80,0x80,0x80,0x00,0x00,0x00,0x19,0x24,0x22,0x22,0x22,0x3F,0x20,//a 65
 285            0x08,0xF8,0x00,0x80,0x80,0x00,0x00,0x00,0x00,0x3F,0x11,0x20,0x20,0x11,0x0E,0x00,//b 66
 286            0x00,0x00,0x00,0x80,0x80,0x80,0x00,0x00,0x00,0x0E,0x11,0x20,0x20,0x20,0x11,0x00,//c 67
 287            0x00,0x00,0x00,0x80,0x80,0x88,0xF8,0x00,0x00,0x0E,0x11,0x20,0x20,0x10,0x3F,0x20,//d 68
 288            0x00,0x00,0x80,0x80,0x80,0x80,0x00,0x00,0x00,0x1F,0x22,0x22,0x22,0x22,0x13,0x00,//e 69
 289            0x00,0x80,0x80,0xF0,0x88,0x88,0x88,0x18,0x00,0x20,0x20,0x3F,0x20,0x20,0x00,0x00,//f 70
 290            0x00,0x00,0x80,0x80,0x80,0x80,0x80,0x00,0x00,0x6B,0x94,0x94,0x94,0x93,0x60,0x00,//g 71
 291            0x08,0xF8,0x00,0x80,0x80,0x80,0x00,0x00,0x20,0x3F,0x21,0x00,0x00,0x20,0x3F,0x20,//h 72
 292            0x00,0x80,0x98,0x98,0x00,0x00,0x00,0x00,0x00,0x20,0x20,0x3F,0x20,0x20,0x00,0x00,//i 73
 293            0x00,0x00,0x00,0x80,0x98,0x98,0x00,0x00,0x00,0xC0,0x80,0x80,0x80,0x7F,0x00,0x00,//j 74
 294            0x08,0xF8,0x00,0x00,0x80,0x80,0x80,0x00,0x20,0x3F,0x24,0x02,0x2D,0x30,0x20,0x00,//k 75
 295            0x00,0x08,0x08,0xF8,0x00,0x00,0x00,0x00,0x00,0x20,0x20,0x3F,0x20,0x20,0x00,0x00,//l 76
 296            0x80,0x80,0x80,0x80,0x80,0x80,0x80,0x00,0x20,0x3F,0x20,0x00,0x3F,0x20,0x00,0x3F,//m 77
C51 COMPILER V9.60.0.0   IIC_OLED                                                          06/26/2023 20:12:40 PAGE 6   

 297            0x80,0x80,0x00,0x80,0x80,0x80,0x00,0x00,0x20,0x3F,0x21,0x00,0x00,0x20,0x3F,0x20,//n 78
 298            0x00,0x00,0x80,0x80,0x80,0x80,0x00,0x00,0x00,0x1F,0x20,0x20,0x20,0x20,0x1F,0x00,//o 79
 299            0x80,0x80,0x00,0x80,0x80,0x00,0x00,0x00,0x80,0xFF,0xA1,0x20,0x20,0x11,0x0E,0x00,//p 80
 300            0x00,0x00,0x00,0x80,0x80,0x80,0x80,0x00,0x00,0x0E,0x11,0x20,0x20,0xA0,0xFF,0x80,//q 81
 301            0x80,0x80,0x80,0x00,0x80,0x80,0x80,0x00,0x20,0x20,0x3F,0x21,0x20,0x00,0x01,0x00,//r 82
 302            0x00,0x00,0x80,0x80,0x80,0x80,0x80,0x00,0x00,0x33,0x24,0x24,0x24,0x24,0x19,0x00,//s 83
 303            0x00,0x80,0x80,0xE0,0x80,0x80,0x00,0x00,0x00,0x00,0x00,0x1F,0x20,0x20,0x00,0x00,//t 84
 304            0x80,0x80,0x00,0x00,0x00,0x80,0x80,0x00,0x00,0x1F,0x20,0x20,0x20,0x10,0x3F,0x20,//u 85
 305            0x80,0x80,0x80,0x00,0x00,0x80,0x80,0x80,0x00,0x01,0x0E,0x30,0x08,0x06,0x01,0x00,//v 86
 306            0x80,0x80,0x00,0x80,0x00,0x80,0x80,0x80,0x0F,0x30,0x0C,0x03,0x0C,0x30,0x0F,0x00,//w 87
 307            0x00,0x80,0x80,0x00,0x80,0x80,0x80,0x00,0x00,0x20,0x31,0x2E,0x0E,0x31,0x20,0x00,//x 88
 308            0x80,0x80,0x80,0x00,0x00,0x80,0x80,0x80,0x80,0x81,0x8E,0x70,0x18,0x06,0x01,0x00,//y 89
 309            0x00,0x80,0x80,0x80,0x80,0x80,0x80,0x00,0x00,0x21,0x30,0x2C,0x22,0x21,0x30,0x00,//z 90
 310            0x00,0x00,0x00,0x00,0x80,0x7C,0x02,0x02,0x00,0x00,0x00,0x00,0x00,0x3F,0x40,0x40,//{ 91
 311            0x00,0x00,0x00,0x00,0xFF,0x00,0x00,0x00,0x00,0x00,0x00,0x00,0xFF,0x00,0x00,0x00,//| 92
 312            0x00,0x02,0x02,0x7C,0x80,0x00,0x00,0x00,0x00,0x40,0x40,0x3F,0x00,0x00,0x00,0x00,//} 93
 313            0x00,0x06,0x01,0x01,0x02,0x02,0x04,0x04,0x00,0x00,0x00,0x00,0x00,0x00,0x00,0x00,//~ 94
 314          };
 315          
 316          unsigned char code BMP1[] =
 317          {
 318            0x00,0x03,0x05,0x09,0x11,0xFF,0x11,0x89,0x05,0xC3,0x00,0xE0,0x00,0xF0,0x00,0xF8,
 319            0x00,0x00,0x00,0x00,0x00,0x00,0x00,0x44,0x28,0xFF,0x11,0xAA,0x44,0x00,0x00,0x00,
 320            0x00,0x00,0x00,0x00,0x00,0x00,0x00,0x00,0x00,0x00,0x00,0x00,0x00,0x00,0x00,0x00,
 321            0x00,0x00,0x00,0x00,0x00,0x00,0x00,0x00,0x00,0x00,0x00,0x00,0x00,0x00,0x00,0x00,
 322            0x00,0x00,0x00,0x00,0x00,0x00,0x00,0x00,0x00,0x00,0x00,0x00,0x00,0x00,0x00,0x00,
 323            0x00,0x00,0x00,0x00,0x00,0x00,0x00,0x00,0x00,0x00,0x83,0x01,0x38,0x44,0x82,0x92,
 324            0x92,0x74,0x01,0x83,0x00,0x00,0x00,0x00,0x00,0x00,0x00,0x7C,0x44,0xC7,0x01,0x7D,
 325            0x7D,0x7D,0x7D,0x01,0x7D,0x7D,0x7D,0x7D,0x01,0x7D,0x7D,0x7D,0x7D,0x01,0xFF,0x00,
 326            0x00,0x00,0x00,0x00,0x00,0x01,0x00,0x01,0x00,0x01,0x00,0x01,0x00,0x01,0x00,0x01,
 327            0x00,0x00,0x00,0x00,0x00,0x00,0x00,0x00,0x00,0x01,0x01,0x00,0x00,0x00,0x00,0x00,
 328            0x00,0x00,0x00,0x00,0x00,0x00,0x00,0x00,0x00,0x00,0x00,0x00,0x00,0x00,0x00,0x00,
 329            0x00,0x00,0x00,0x00,0x00,0x00,0x00,0x00,0x00,0x00,0x00,0x00,0x00,0x00,0x00,0x00,
 330            0x00,0x00,0x00,0x00,0x00,0x00,0x00,0x00,0x00,0x00,0x00,0x00,0x00,0x00,0x00,0x00,
 331            0x00,0x00,0x00,0x00,0x00,0x00,0x00,0x00,0x00,0x00,0x01,0x01,0x00,0x00,0x00,0x00,
 332            0x00,0x00,0x01,0x01,0x00,0x00,0x00,0x00,0x00,0x00,0x00,0x00,0x00,0x01,0x01,0x01,
 333            0x01,0x01,0x01,0x01,0x01,0x01,0x01,0x01,0x01,0x01,0x01,0x01,0x01,0x01,0x01,0x00,
 334            0x00,0x00,0x00,0x00,0x00,0x00,0x00,0x00,0x00,0x40,0x40,0x40,0x40,0x40,0x00,0x00,
 335            0x6D,0x6D,0x6D,0x6D,0x6D,0x00,0x00,0x60,0x60,0x60,0x60,0x60,0x00,0x00,0x40,0x40,
 336            0x40,0x40,0x40,0x00,0x00,0x00,0x00,0x00,0x00,0x00,0x00,0x00,0x00,0x00,0x00,0x00,
 337            0x00,0x00,0x00,0x00,0x00,0x00,0x00,0x00,0x00,0x00,0x00,0x00,0x00,0x00,0x00,0x00,
 338            0x00,0x00,0x00,0x00,0x00,0x00,0x00,0x00,0x00,0x00,0x00,0x00,0x00,0x00,0x00,0x00,
 339            0x00,0x00,0x00,0x00,0x00,0x00,0x00,0x00,0x00,0x00,0x00,0x00,0x00,0x00,0x00,0x00,
 340            0x00,0x00,0x00,0x00,0x00,0x00,0x00,0x00,0x00,0x00,0x00,0x00,0x00,0x00,0x00,0x00,
 341            0x00,0x00,0x00,0x00,0x00,0x00,0x00,0x00,0x00,0x00,0x00,0x00,0x00,0x00,0x00,0x00,
 342            0x00,0x00,0x00,0x00,0x00,0x00,0x00,0x00,0x00,0xDB,0xDB,0xDB,0xDB,0xDB,0x00,0x00,
 343            0xDB,0xDB,0xDB,0xDB,0xDB,0x00,0x00,0xDB,0xDB,0xDB,0xDB,0xDB,0x00,0x00,0xDB,0xDB,
 344            0xDB,0xDB,0xDB,0x00,0x00,0xDA,0xDA,0xDA,0xDA,0xDA,0x00,0x00,0xD8,0xD8,0xD8,0xD8,
 345            0xD8,0x00,0x00,0xC0,0xC0,0xC0,0xC0,0xC0,0x00,0x00,0xC0,0xC0,0xC0,0xC0,0xC0,0x00,
 346            0x00,0xC0,0xC0,0xC0,0xC0,0xC0,0x00,0x00,0xC0,0xC0,0xC0,0xC0,0xC0,0x00,0x00,0x80,
 347            0x80,0x80,0x80,0x80,0x00,0x00,0x00,0x00,0x00,0x00,0x00,0x00,0x00,0x00,0x00,0x00,
 348            0x00,0x00,0x00,0x00,0x00,0x00,0x00,0x00,0x00,0x00,0x00,0x00,0x00,0x00,0x00,0x00,
 349            0x00,0x00,0x00,0x00,0x00,0x00,0x00,0x00,0x00,0x00,0x00,0x00,0x00,0x00,0x00,0x00,
 350            0x00,0x00,0x00,0x00,0x00,0x00,0x00,0x00,0x00,0x06,0x06,0x06,0x06,0x06,0x00,0x00,
 351            0x06,0x06,0x06,0x06,0x06,0x00,0x00,0x06,0x06,0x06,0x06,0x06,0x00,0x00,0x06,0x06,
 352            0x06,0x06,0x06,0x00,0x00,0x06,0x06,0x06,0xE6,0x66,0x20,0x00,0x06,0x06,0x86,0x06,
 353            0x06,0x00,0x00,0x06,0x06,0x06,0x06,0x86,0x00,0x00,0x06,0x06,0x06,0x06,0x06,0x00,
 354            0x00,0x86,0x86,0x86,0x86,0x86,0x80,0x80,0x86,0x86,0x06,0x86,0x86,0xC0,0xC0,0x86,
 355            0x86,0x86,0x06,0x06,0xD0,0x30,0x76,0x06,0x06,0x06,0x06,0x00,0x00,0x06,0x06,0x06,
 356            0x06,0x06,0x00,0x00,0x06,0x06,0x06,0x06,0x06,0x00,0x00,0x06,0x06,0x06,0x06,0x06,
 357            0x00,0x00,0x06,0x06,0x06,0x06,0x06,0x00,0x00,0x00,0x00,0x00,0x00,0x00,0x00,0x00,
 358            0x00,0x00,0x00,0x00,0x00,0x00,0x00,0x00,0x00,0x00,0x00,0x00,0x00,0x00,0x00,0x00,
C51 COMPILER V9.60.0.0   IIC_OLED                                                          06/26/2023 20:12:40 PAGE 7   

 359            0x00,0x00,0x00,0x00,0x00,0x00,0x00,0x00,0x00,0x00,0x00,0x00,0x00,0x00,0x00,0x00,
 360            0x00,0x00,0x00,0x00,0x00,0x00,0x00,0x00,0x00,0x00,0x60,0x1C,0x00,0xFE,0x00,0x01,
 361            0x02,0x00,0xC4,0x18,0x20,0x02,0x9E,0x63,0xB2,0x0E,0x00,0xFF,0x81,0x81,0xFF,0x00,
 362            0x00,0x80,0x40,0x30,0x0F,0x00,0x00,0x00,0x00,0xFF,0x00,0x23,0xEA,0xAA,0xBF,0xAA,
 363            0xEA,0x03,0x3F,0x00,0xFF,0x00,0x00,0x00,0x00,0x00,0x00,0x00,0x00,0x00,0x00,0x00,
 364            0x00,0x00,0x00,0x00,0x00,0x00,0x00,0x00,0x00,0x00,0x00,0x00,0x00,0x00,0x00,0x00,
 365            0x00,0x00,0x00,0x00,0x00,0x00,0x00,0x00,0x00,0x00,0x00,0x00,0x00,0x00,0x00,0x00,
 366            0x00,0x00,0x00,0x80,0x80,0x80,0x00,0x00,0x00,0x00,0x00,0x80,0x80,0x80,0x00,0x00,
 367            0x00,0x00,0x00,0x00,0x00,0x00,0x00,0x00,0x00,0x00,0x00,0x00,0x00,0x00,0x00,0x00,
 368            0x00,0x00,0x00,0x00,0x00,0x00,0x00,0x00,0x0E,0x0C,0x08,0x00,0x00,0x01,0x01,0x01,
 369            0x01,0x01,0x00,0x00,0x00,0x01,0x00,0x00,0x00,0x01,0x00,0x81,0x80,0x80,0x81,0x80,
 370            0x81,0x80,0x80,0x80,0x80,0x01,0x01,0x01,0x01,0x00,0x00,0x00,0x01,0x00,0x00,0x00,
 371            0x01,0x00,0x01,0x01,0x09,0x0C,0x0E,0x00,0x00,0x00,0x00,0x00,0x00,0x00,0x00,0x00,
 372            0x00,0x00,0x00,0x00,0x00,0x00,0x00,0x00,0xC0,0xC0,0xC0,0xC0,0xC0,0xC0,0xC0,0xC0,
 373            0xC0,0xC0,0xC0,0xC0,0xC0,0xC0,0xC0,0xC0,0xC0,0xC0,0xC0,0xC0,0xC0,0xC0,0xC0,0x00,
 374            0x00,0x1E,0x21,0x40,0x40,0x50,0x21,0x5E,0x00,0x1E,0x21,0x40,0x40,0x50,0x21,0x5E,
 375            0x00,0x00,0x00,0x00,0x00,0x00,0x00,0x00,0x00,0x00,0x00,0x00,0x00,0x00,0x00,0x00,
 376            0x00,0x00,0x00,0x00,0x00,0x00,0x00,0x00,0x00,0x00,0x00,0x00,0x00,0x00,0x00,0x00,
 377            0x00,0x00,0x00,0x00,0x00,0x00,0x00,0x00,0x00,0x00,0x00,0xFF,0xFF,0xC1,0xC1,0xFF,
 378            0xFF,0xC1,0xC1,0xFF,0xFF,0x00,0x00,0x00,0x00,0x00,0x00,0x00,0x00,0x00,0x00,0x00,
 379            0x00,0x00,0x00,0x00,0x00,0x00,0x00,0x00,0x00,0x00,0x00,0x00,0x00,0x00,0x00,0x00,
 380            0x00,0x00,0x00,0x00,0x00,0x00,0x00,0x00,0xFF,0xFF,0x80,0xFC,0xF3,0xEF,0xF3,0xFC,
 381            0x80,0xFF,0x80,0xEE,0xEE,0xEE,0xF5,0xFB,0xFF,0x9C,0xBE,0xB6,0xB6,0x88,0xFF,0x00,/*"D:\DreamSpark\OLED\MP3
             -_UI.bmp",0*/
 382          };
 383          
 384          unsigned char code BMP2[] =
 385          {
 386            0x00,0x03,0x05,0x09,0x11,0xFF,0x11,0x89,0x05,0xC3,0x00,0xE0,0x00,0xF0,0x00,0xF8,
 387            0x00,0x00,0x00,0x00,0x00,0x00,0x00,0x44,0x28,0xFF,0x11,0xAA,0x44,0x00,0x00,0x00,
 388            0x00,0x00,0x00,0x00,0x00,0x00,0x00,0x00,0x00,0x00,0x00,0x00,0x00,0x00,0x00,0x00,
 389            0x00,0x00,0x00,0x00,0x00,0x00,0x00,0x00,0x00,0x00,0x00,0x00,0x00,0x00,0x00,0x00,
 390            0x00,0x00,0x00,0x00,0x00,0x00,0x00,0x00,0x00,0x00,0x00,0x00,0x00,0x00,0x00,0x00,
 391            0x00,0x00,0x00,0x00,0x00,0x00,0x00,0x00,0x00,0x00,0x83,0x01,0x38,0x44,0x82,0x92,
 392            0x92,0x74,0x01,0x83,0x00,0x00,0x00,0x00,0x00,0x00,0x00,0x7C,0x44,0xFF,0x01,0x7D,
 393            0x7D,0x7D,0x7D,0x01,0x7D,0x7D,0x7D,0x7D,0x01,0x7D,0x7D,0x7D,0x7D,0x01,0xFF,0x00,
 394            0x00,0x00,0x00,0x00,0x00,0x01,0x00,0x01,0x00,0x01,0x00,0x01,0x00,0x01,0x00,0x01,
 395            0x00,0x00,0x00,0x00,0x00,0x00,0x00,0x00,0x00,0x01,0x01,0x00,0x00,0x00,0x00,0x00,
 396            0x00,0x00,0x00,0x00,0x00,0x00,0x00,0x00,0x00,0x00,0x00,0x00,0x00,0x00,0x00,0x00,
 397            0x00,0x00,0x00,0x00,0x00,0x00,0x00,0x00,0x00,0x00,0x00,0x00,0x00,0x00,0x00,0x00,
 398            0x00,0x00,0x00,0x00,0x00,0x00,0x00,0x00,0x00,0x00,0x00,0x00,0x00,0x00,0x00,0x00,
 399            0x00,0x00,0x00,0x00,0x00,0x00,0x00,0x00,0x00,0x00,0x01,0x01,0x00,0x00,0x00,0x00,
 400            0x00,0x00,0x01,0x01,0x00,0x00,0x00,0x00,0x00,0x00,0x00,0x00,0x00,0x01,0x01,0x01,
 401            0x01,0x01,0x01,0x01,0x01,0x01,0x01,0x01,0x01,0x01,0x01,0x01,0x01,0x01,0x01,0x00,
 402            0x00,0x00,0x00,0x00,0x00,0x00,0x00,0x00,0x00,0x00,0x00,0x00,0x00,0x00,0x00,0x00,
 403            0x00,0x00,0x00,0x00,0x00,0x00,0x00,0x00,0x00,0x00,0x00,0x00,0x00,0x00,0x00,0xF8,
 404            0x08,0x08,0x08,0x08,0x08,0x08,0x08,0x00,0xF8,0x18,0x60,0x80,0x00,0x00,0x00,0x80,
 405            0x60,0x18,0xF8,0x00,0x00,0x00,0x20,0x20,0xF8,0x00,0x00,0x00,0x00,0x00,0x00,0xE0,
 406            0x10,0x08,0x08,0x08,0x08,0x10,0xE0,0x00,0x00,0x00,0x20,0x20,0xF8,0x00,0x00,0x00,
 407            0x00,0x00,0x00,0x00,0x00,0x00,0x00,0x00,0x00,0x08,0x08,0x08,0x08,0x08,0x88,0x68,
 408            0x18,0x00,0x00,0x00,0x00,0x00,0x00,0x00,0x00,0x00,0x00,0x00,0x00,0x00,0x00,0x00,
 409            0x00,0x00,0x00,0x00,0x00,0x00,0x00,0x00,0x00,0x00,0x00,0x00,0x00,0x00,0x00,0x00,
 410            0x00,0x00,0x00,0x00,0x00,0x00,0x00,0x00,0x00,0x00,0x00,0x00,0x00,0x00,0x00,0x00,
 411            0x00,0x00,0x00,0x00,0x00,0x00,0x00,0x00,0x00,0x00,0x00,0x00,0x00,0x00,0x00,0x7F,
 412            0x01,0x01,0x01,0x01,0x01,0x01,0x00,0x00,0x7F,0x00,0x00,0x01,0x06,0x18,0x06,0x01,
 413            0x00,0x00,0x7F,0x00,0x00,0x00,0x40,0x40,0x7F,0x40,0x40,0x00,0x00,0x00,0x00,0x1F,
 414            0x20,0x40,0x40,0x40,0x40,0x20,0x1F,0x00,0x00,0x00,0x40,0x40,0x7F,0x40,0x40,0x00,
 415            0x00,0x00,0x00,0x00,0x60,0x00,0x00,0x00,0x00,0x00,0x00,0x60,0x18,0x06,0x01,0x00,
 416            0x00,0x00,0x00,0x00,0x00,0x00,0x00,0x00,0x00,0x00,0x00,0x00,0x00,0x00,0x00,0x00,
 417            0x00,0x00,0x00,0x00,0x00,0x00,0x00,0x00,0x00,0x00,0x00,0x00,0x00,0x00,0x00,0x00,
 418            0x00,0x00,0x00,0x00,0x00,0x00,0x00,0x00,0x00,0x00,0x00,0x00,0x00,0x00,0x00,0x00,
 419            0x00,0x00,0x00,0x00,0x00,0x00,0x00,0x00,0x00,0x00,0x00,0x00,0x00,0x00,0x00,0x00,
C51 COMPILER V9.60.0.0   IIC_OLED                                                          06/26/2023 20:12:40 PAGE 8   

 420            0x00,0x00,0x00,0x00,0x00,0x40,0x20,0x20,0x20,0xC0,0x00,0x00,0xE0,0x20,0x20,0x20,
 421            0xE0,0x00,0x00,0x00,0x40,0xE0,0x00,0x00,0x00,0x00,0x60,0x20,0x20,0x20,0xE0,0x00,
 422            0x00,0x00,0x00,0x00,0xE0,0x20,0x20,0x20,0xE0,0x00,0x00,0x00,0x00,0x00,0x40,0x20,
 423            0x20,0x20,0xC0,0x00,0x00,0x40,0x20,0x20,0x20,0xC0,0x00,0x00,0x00,0x00,0x00,0x00,
 424            0x00,0x00,0x00,0x00,0x00,0x00,0x00,0x00,0x00,0x00,0x00,0x00,0x00,0x00,0x00,0x00,
 425            0x00,0x00,0x00,0x00,0x00,0x00,0x00,0x00,0x00,0x00,0x00,0x00,0x00,0x00,0x00,0x00,
 426            0x00,0x00,0x00,0x00,0x00,0x00,0x00,0x00,0x00,0x00,0x00,0x00,0x00,0x00,0x00,0x00,
 427            0x00,0x00,0x00,0x00,0x00,0x00,0x00,0x00,0x00,0x00,0x00,0x00,0x00,0x00,0x00,0x00,
 428            0x00,0x00,0x00,0x00,0x00,0x0C,0x0A,0x0A,0x09,0x0C,0x00,0x00,0x0F,0x08,0x08,0x08,
 429            0x0F,0x00,0x00,0x00,0x08,0x0F,0x08,0x00,0x00,0x00,0x0C,0x08,0x09,0x09,0x0E,0x00,
 430            0x00,0x0C,0x00,0x00,0x0F,0x09,0x09,0x09,0x0F,0x00,0x00,0x0C,0x00,0x00,0x0C,0x0A,
 431            0x0A,0x09,0x0C,0x00,0x00,0x0C,0x0A,0x0A,0x09,0x0C,0x00,0x00,0x00,0x00,0x00,0x00,
 432            0x00,0x00,0x00,0x00,0x00,0x00,0x00,0x00,0x00,0x00,0x00,0x00,0x00,0x00,0x00,0x00,
 433            0x00,0x00,0x00,0x00,0x00,0x00,0x00,0x00,0x00,0x00,0x00,0x00,0x00,0x00,0x00,0x00,
 434            0x00,0x00,0x00,0x00,0x00,0x00,0x00,0x00,0x00,0x00,0x00,0x00,0x00,0x00,0x00,0x00,
 435            0x00,0x00,0x00,0x00,0x00,0x00,0x00,0x00,0x00,0x00,0x00,0x00,0x00,0x00,0x00,0x00,
 436            0x00,0x00,0x00,0x00,0x00,0x00,0x00,0x00,0x00,0x00,0x00,0x00,0x00,0x00,0x00,0x00,
 437            0x00,0x00,0x00,0x00,0x00,0x00,0x00,0x00,0x00,0x00,0x00,0x00,0x80,0x80,0x80,0x80,
 438            0x80,0x80,0x80,0x80,0x00,0x00,0x00,0x00,0x00,0x00,0x00,0x00,0x00,0x00,0x00,0x00,
 439            0x00,0x00,0x00,0x00,0x00,0x00,0x00,0x00,0x00,0x00,0x00,0x00,0x00,0x00,0x00,0x00,
 440            0x00,0x00,0x00,0x00,0x00,0x00,0x00,0x00,0x00,0x00,0x00,0x00,0x00,0x00,0x00,0x00,
 441            0x00,0x00,0x00,0x00,0x00,0x00,0x00,0x00,0x00,0x00,0x00,0x00,0x00,0x00,0x00,0x00,
 442            0x00,0x7F,0x03,0x0C,0x30,0x0C,0x03,0x7F,0x00,0x00,0x38,0x54,0x54,0x58,0x00,0x00,
 443            0x7C,0x04,0x04,0x78,0x00,0x00,0x3C,0x40,0x40,0x7C,0x00,0x00,0x00,0x00,0x00,0x00,
 444            0x00,0x00,0x00,0x00,0x00,0x00,0x00,0x00,0x00,0x00,0x00,0x00,0x00,0x00,0x00,0x00,
 445            0x00,0x00,0x00,0x00,0x00,0x00,0x00,0x00,0x00,0x00,0x00,0x00,0xFF,0xAA,0xAA,0xAA,
 446            0x28,0x08,0x00,0xFF,0x00,0x00,0x00,0x00,0x00,0x00,0x00,0x00,0x00,0x00,0x00,0x00,
 447            0x00,0x00,0x00,0x00,0x00,0x00,0x00,0x00,0x00,0x00,0x00,0x00,0x00,0x00,0x00,0x00,
 448            0x00,0x00,0x00,0x00,0x00,0x00,0x00,0x00,0x00,0x7F,0x03,0x0C,0x30,0x0C,0x03,0x7F,
 449            0x00,0x00,0x26,0x49,0x49,0x49,0x32,0x00,0x00,0x7F,0x02,0x04,0x08,0x10,0x7F,0x00,/*"D:\共享\show2.bmp",0*/
 450          };
 451          unsigned char oled_i;
 452          void oled_display(void){
 453   1          OLED_P16x16Ch(24,0,1);
 454   1          OLED_P16x16Ch(40,0,2);
 455   1          OLED_P16x16Ch(57,0,3);
 456   1          OLED_P16x16Ch(74,0,4);
 457   1          OLED_P16x16Ch(91,0,5);
 458   1          for(oled_i=0; oled_i<8; oled_i++)//通过点整显示汉字 -- i表示字表数组的位置
 459   1          {
 460   2      //      OLED_P16x16Ch(i*16,0,i);
 461   2            OLED_P16x16Ch(oled_i*16,2,oled_i+8);
 462   2            OLED_P16x16Ch(oled_i*16,4,oled_i+16);
 463   2            OLED_P16x16Ch(oled_i*16,6,oled_i+24);
 464   2          }
 465   1          delay(4000);
 466   1          OLED_CLS();//清屏
 467   1      
 468   1          OLED_P8x16Str(0,0,"HelTec");//第一行 -- 8x16的显示单元显示ASCII码
 469   1          OLED_P8x16Str(0,2,"OLED Display");
 470   1          OLED_P8x16Str(0,4,"www.heltec.cn");
 471   1          OLED_P6x8Str(0,6,"cn.heltec@gmail.com");
 472   1          OLED_P6x8Str(0,7,"heltec.taobao.com");
 473   1          delay(4000);
 474   1          OLED_CLS();
 475   1      
 476   1          Draw_BMP(0,0,128,8,BMP1);  //图片显示(图片显示慎用，生成的字表较大，会占用较多空间，FLASH空间8K以下慎用)
 477   1          delay(8000);
 478   1          Draw_BMP(0,0,128,8,BMP2);
 479   1          delay(8000);
 480   1      }

C51 COMPILATION COMPLETE.  0 WARNING(S),  5 ERROR(S)
