C51 COMPILER V9.57.0.0   CHELUN                                                            06/27/2022 19:04:50 PAGE 1   


C51 COMPILER V9.57.0.0, COMPILATION OF MODULE CHELUN
OBJECT MODULE PLACED IN .\Objects\chelun.obj
COMPILER INVOKED BY: C:\Keil_v5\C51\BIN\C51.EXE chelun.c OPTIMIZE(8,SPEED) BROWSE DEBUG OBJECTEXTEND PRINT(.\Listings\ch
                    -elun.lst) TABS(2) OBJECT(.\Objects\chelun.obj)

line level    source

   1          #include <REG52.H>
   2          #include "CheLun.h"
   3          #include <intrins.h>
   4          /**********************/
   5          /****相关端口定义******/
   6          /**********************/
   7          sbit ENA = P1^0;
   8          sbit Left_IN1 = P1^1;
   9          sbit Left_IN2 = P1^2;
  10          sbit Right_IN3 =P1^4;
  11          sbit Right_IN4 =P1^3;
  12          sbit ENB = P1^5;
  13          //左右轮PWM当前值 左右轮PWM比较值
  14          unsigned char pwm_val_left;
  15          unsigned char pwm_val_right;
  16          unsigned char push_val_left;
  17          unsigned char push_val_right;
  18          
  19          //改变这里的值就是改变左右轮子的占空比,实现调转速
  20           unsigned char Left_Speed_Ratio =18;    //左电机转速设定
  21           unsigned char Right_Speed_Ratio =18 ;  //右电机转速设定
  22          
  23          //左右电机标志位
  24          bit Left_moto_flag = 1;
  25          bit Right_moto_flag = 1;
  26          void Delay1000ms()    //@11.0592MHz
  27          {
  28   1        unsigned char i, j, k;
  29   1      
  30   1        _nop_();
  31   1        i = 8;
  32   1        j = 1;
  33   1        k = 243;
  34   1        do
  35   1        {
  36   2          do
  37   2          {
  38   3            while (--k);
  39   3          } while (--j);
  40   2        } while (--i);
  41   1      }
  42          /*左边电机调速函数*/
  43          void pwm_out_left_moto()     
  44          { 
  45   1        if(Left_moto_flag) 
  46   1          { 
  47   2            if(pwm_val_left<=push_val_left)   //当前值和设定的比较值进行比较,来控制使能端口,进
             -而控制车轮
  48   2            ENA=1; 
  49   2            else 
  50   2            ENA=0; 
  51   2              if(pwm_val_left>20)             //PWM当前值自增到20之后变为0,相当于一个周期
  52   2              pwm_val_left=0; 
  53   2          }    
C51 COMPILER V9.57.0.0   CHELUN                                                            06/27/2022 19:04:50 PAGE 2   

  54   1        else 
  55   1            ENA=0; 
  56   1      }
  57          /*右边电机调速函数*/
  58          void pwm_out_right_moto()     
  59          { 
  60   1        if(Left_moto_flag) 
  61   1          { 
  62   2            if(pwm_val_right<=push_val_right) 
  63   2            ENB=1; 
  64   2            else 
  65   2            ENB=0; 
  66   2              if(pwm_val_right>20) 
  67   2              pwm_val_right=0; 
  68   2          }    
  69   1        else 
  70   1            ENB=0; 
  71   1      }
  72          //左右轮前进后退停止,根据自己小车视情况而测
  73          void Left_moto_Go()   {Left_IN1 = 0,Left_IN2 = 1;}
  74          void Left_moto_Back() {Left_IN1 = 1,Left_IN2 = 0;}
  75          void Left_moto_Stop() {Left_IN1 = 1,Left_IN2 = 1;}
  76          void Right_moto_Go()  {Right_IN3 = 1,Right_IN4 = 0;}
  77          void Right_moto_Back(){Right_IN3 = 0;Right_IN4 = 1;}
  78          void Right_moto_Stop(){Right_IN3 = 1;Right_IN4 = 1;}
  79          
  80          
  81          void GoStright()     //小车前进
  82          { 
  83   1        /*设置比较值,左右轮子各自前转*/
  84   1        push_val_left =Left_Speed_Ratio;    
  85   1        push_val_right =Right_Speed_Ratio; 
  86   1        Left_moto_Go(); 
  87   1        Right_moto_Go(); 
  88   1      } 
  89          
  90          void GoBack()   //小车后退
  91          { 
  92   1        push_val_left =Left_Speed_Ratio; 
  93   1        push_val_right =Right_Speed_Ratio; 
  94   1      } 
  95          
  96          
  97          
  98          void TurnLeft()   //小车左转
  99          { 
 100   1      
 101   1        push_val_right =10;   //把右轮子速度降低
 102   1        Right_moto_Go(); 
 103   1        Left_moto_Stop();
 104   1      } 
 105          
 106           void TurnRight() //小车右转
 107          { 
 108   1      
 109   1        push_val_left =10;    //把左轮子速度降低
 110   1        Right_moto_Stop();
 111   1        Left_moto_Go();
 112   1      } 
 113          
 114          void Stop()  //小车停
 115          { 
C51 COMPILER V9.57.0.0   CHELUN                                                            06/27/2022 19:04:50 PAGE 3   

 116   1        Left_moto_Stop();
 117   1        Right_moto_Stop();
 118   1      } 
 119          
 120          void Rotate()   //小车原地转圈
 121          { 
 122   1        push_val_left =Left_Speed_Ratio; 
 123   1        push_val_right =Right_Speed_Ratio; 
 124   1        Left_moto_Back();
 125   1        Right_moto_Go();
 126   1      }


MODULE INFORMATION:   STATIC OVERLAYABLE
   CODE SIZE        =    159    ----
   CONSTANT SIZE    =   ----    ----
   XDATA SIZE       =   ----    ----
   PDATA SIZE       =   ----    ----
   DATA SIZE        =      6    ----
   IDATA SIZE       =   ----    ----
   BIT SIZE         =      2    ----
END OF MODULE INFORMATION.


C51 COMPILATION COMPLETE.  0 WARNING(S),  0 ERROR(S)
