C51 COMPILER V9.57.0.0   MAIN                                                              07/29/2022 17:36:53 PAGE 1   


C51 COMPILER V9.57.0.0, COMPILATION OF MODULE MAIN
OBJECT MODULE PLACED IN .\Objects\main.obj
COMPILER INVOKED BY: C:\Keil_v5\C51\BIN\C51.EXE main.c OPTIMIZE(8,SPEED) BROWSE DEBUG OBJECTEXTEND PRINT(.\Listings\main
                    -.lst) TABS(2) OBJECT(.\Objects\main.obj)

line level    source

   1          /*蓝牙控制小车*/
   2          #include <REG52.H>
   3          
   4          #include "HR_SC.H"
   5          #include "RED.H"
   6          #include "CHELUN.H"
   7          #include "xj.h"
   8          #include "hcsr.h"
   9          
  10          
  11          unsigned int HC_SR04_time=0;
  12          extern unsigned char Left_Speed_Ratio;    //电机转速设定
  13          extern unsigned char Right_Speed_Ratio;
  14          extern unsigned char pwm_val_left;
  15          extern unsigned char pwm_val_right;
  16          extern unsigned int flag1;
  17          extern char M_sensor;
  18          extern unsigned int flag1;
  19          void Timer2(void);
  20           
  21          
  22          void Add_Speed_Ratio()  //调速函数
  23          {
  24   1          Left_Speed_Ratio++;
  25   1          Right_Speed_Ratio++;
  26   1      }
  27          void Remine_Speed_Ratio() //调速函数
  28          {
  29   1          Left_Speed_Ratio--;
  30   1          Right_Speed_Ratio--;
  31   1      }
  32          
  33          
  34          int main(void)
  35          {
  36   1        Init_UART();
  37   1        Init_Timer0();
  38   1        Timer2();
  39   1        while(1)
  40   1          {     
  41   2            if(Echo==1)
  42   2              {
  43   3              TH2=0XFC; 
  44   3              TL2=0X66;
  45   3              TR2=1;          //开启计数  
  46   3              while(Echo);      //当RX为1计数并等待  
  47   3              TR2=0;        //关闭计数  
  48   3              Conut();      //计算    
  49   3            }
  50   2              
  51   2              if(M_sensor==1)
  52   2              {
  53   3                GoStright();
  54   3      
C51 COMPILER V9.57.0.0   MAIN                                                              07/29/2022 17:36:53 PAGE 2   

  55   3              }
  56   2              else
  57   2              {
  58   3                stop();
*** WARNING C206 IN LINE 58 OF main.c: 'stop': missing function-prototype
  59   3              }
  60   2      
  61   2        }
  62   1      }
  63          void UART_ser() interrupt 4
  64          {
  65   1        HR_SC_INPUT();
  66   1      }
  67          void Timer0_ser () interrupt 1
  68          {
  69   1        TH0 = 0XFC;//(65535-1000)/256;
  70   1        TL0 = 0X18;//(65535-1000)%256;
  71   1      
  72   1        pwm_val_left++;
  73   1        pwm_val_right++;
  74   1        pwm_out_left_moto();
  75   1        pwm_out_right_moto();
  76   1        HC_SR04_time++;
  77   1        
  78   1      if(HC_SR04_time>=100)   //100ms 启动一次超声波测距
  79   1      {
  80   2        
  81   2        HC_SR04_time=0;
  82   2        StartModule();
  83   2      }
  84   1      } 
  85            
  86          
  87          //    switch (flag) //蓝牙发送按键测试
  88          //    {
  89          //    case 'G':P2 = 0XFE;break;//前进
  90          //    case 'K':P2 = 0XFD;break;//后退
  91          //    case 'H':P2 = 0XFB;break;//左转
  92          //    case 'J':P2 = 0XF7;break;//右转
  93          //    case 'I':P2 = 0XEF;break;//停止
  94          
  95          void Timer2()   
  96          {
  97   1        //T2MOD = 0;  //初始化模式寄存器
  98   1        T2CON = 0;  //初始化控制寄存器
  99   1        TL2 = 0;  //设置定时初值
 100   1        TH2 = 0;  //设置定时初值
 101   1        ET2=1;
 102   1        EA=1;
 103   1        PT2=0;
 104   1          TR2 = 0;    //定时器2开始计时
 105   1      }
 106          //中断服务函数模板
 107          void Timer2_Routine() interrupt 5
 108          {
 109   1        
 110   1          /*TF2 = 0;           //中断标志复位
 111   1          RCAP2L  = 0x66;    //设置低位定时初值
 112   1          RCAP2H = 0xFC ;  //设置高位定时初值*/
 113   1          flag1=1;
 114   1          
 115   1      }
C51 COMPILER V9.57.0.0   MAIN                                                              07/29/2022 17:36:53 PAGE 3   



MODULE INFORMATION:   STATIC OVERLAYABLE
   CODE SIZE        =    233    ----
   CONSTANT SIZE    =   ----    ----
   XDATA SIZE       =   ----    ----
   PDATA SIZE       =   ----    ----
   DATA SIZE        =      2    ----
   IDATA SIZE       =   ----    ----
   BIT SIZE         =   ----    ----
END OF MODULE INFORMATION.


C51 COMPILATION COMPLETE.  1 WARNING(S),  0 ERROR(S)
