C51 COMPILER V9.00   PIC                                                                   12/10/2014 12:02:44 PAGE 1   


C51 COMPILER V9.00, COMPILATION OF MODULE PIC
OBJECT MODULE PLACED IN pic.OBJ
COMPILER INVOKED BY: D:\KEIL4\C51\BIN\C51.EXE pic.c BROWSE DEBUG OBJECTEXTEND

line level    source

   1          unsigned int code Box_Ram_data[]=
   2          {
   3          0x2004,0x2004,0x2004,0x2004,0x2004,0x2004,0x2004,0x2004, //十六行
   4          0x2004,0x2004,0x2004,0x2004,0x2004,0x2004,0x2004,0x2004,
   5          0xffff,0x0000,0x0000//多出来的三行是为了能让方块落到最低位置
   6                                                  //多出来的第一行置0xffff用于检测方块释放到底
   7                                                  //显示行初值为0x2004表示左右边界
   8          };//游戏点阵缓存10*16(用前10位表示)（1表示亮，0表示灭）
   9          unsigned char code speed_data[]=
  10          {
  11          0x46,0x49,0x49,0x31,0x00,0x7F,0x09,0x09,
  12          0x06,0x00,0x7F,0x49,0x49,0x49,0x00,0x7F,
  13          0x49,0x49,0x49,0x00,0x7F,0x41,0x41,0x3E,
  14          };//speed字模
  15          unsigned char code score_data[]=
  16          {
  17          0x46,0x49,0x49,0x31,0x00,0x3E,0x41,0x41,
  18          0x22,0x00,0x3E,0x41,0x41,0x3E,0x00,0x7F,
  19          0x11,0x29,0x46,0x00,0x7F,0x49,0x49,0x49
  20          };//score字模
  21          unsigned char code num_data[]=
  22          {
  23          0x7F,0x41,0x41,0x7F,//0字模
  24          0x00,0x00,0x00,0x7F,//1字模
  25          0x79,0x49,0x49,0x4F,//2字模
  26          0x49,0x49,0x49,0x7F,//3字模
  27          0x0F,0x08,0x08,0x7F,//4字模
  28          0x4F,0x49,0x49,0x79,//5字模
  29          0x7F,0x49,0x49,0x79,//6字模
  30          0x01,0x01,0x01,0x7F,//7字模
  31          0x7F,0x49,0x49,0x7F,//8字模
  32          0x4F,0x49,0x49,0x7F,//9字模
  33          };//数字字模
  34          unsigned char code mpic[]=
  35          {
  36          0x00,0x00,0x00,0x00,0x00,0x00,0x00,0x00,0x00,0x00,0x00,0x00,0x00,0x00,0x00,0x00,
  37          0x00,0x00,0x00,0x40,0x60,0x70,0x78,0x70,0x60,0x40,0x00,0x00,0x00,0x00,0x00,0x00,
  38          0x00,0x00,0x00,0x00,0x00,0x00,0x00,0x00,0x00,0x00,0x00,0x00,0x00,0x00,0x00,0x00,
  39          0x00,0x00,0x00,0x00,0x00,0x00,0x00,0x00,0x00,0x10,0x38,0x7C,0xFE,0x00,0x00,0x00,
  40          0x00,0x00,0x00,0x00,0x00,0x00,0x00,0x00,0xFE,0x7C,0x38,0x10,0x00,0x00,0x00,0x00,
  41          0x00,0x00,0x00,0x00,0x00,0x00,0x00,0x00,0x00,0x00,0x00,0x00,0x00,0x00,0x00,0x00,
  42          0x00,0x00,0x00,0x00,0x00,0x00,0x00,0x00,0x00,0x00,0x00,0x04,0x0C,0x1C,0x3C,0x1C,
  43          0x0C,0x04,0x00,0x00,0x00,0x00,0x00,0x00,0x00,0x00,0x00,0x00,0x00,0x00,0x00,0x00,
  44          0x00,0x00,0x00,0x00,0x00,0x00,0x00,0x00,0x00,0x00,0x00,0x00,0x00,0x00,0x06,0x82,
  45          0xFE,0x82,0x06,0x00,0x00,0x00,0x00,0x00,0x00,0x00,0x00,0x00,0x00,0x00,0x00,0x00,
  46          0x00,0x00,0xCC,0x92,0x92,0x92,0x66,0x00,0x00,0x00,0x00,0x00,0x00,0x00,0x00,0x00,
  47          0x00,0x00,0x00,0x00,0x00,0x00,0x00,0x00,0x00,0x00,0xF0,0xF8,0xF8,0xF8,0xF8,0xF0,
  48          0x00,0x00,0x00,0x00,0x00,0x00,0x00,0x00,0x00,0x00,0x00,0x00,0x00,0xF0,0xF8,0xF8,
  49          0xF8,0xF8,0xF0,0x00,0x00,0x00,0x00,0x00,0x00,0x00,0x00,0x00,0x00,0x70,0x10,0xF0,
  50          0x10,0x70,0x00,0x00,0x00,0x00,0x00,0x01,0x01,0x01,0x41,0xF0,0x40,0x40,0x40,0x00,
  51          0x00,0x40,0xC0,0x00,0x40,0xC0,0x00,0x00,0x00,0x40,0xC1,0x41,0x41,0x01,0x40,0xC0,
  52          0x40,0x40,0xC0,0x00,0x00,0x00,0x00,0x00,0x00,0x00,0xC4,0x27,0x24,0x60,0x00,0x00,
  53          0x00,0x05,0x00,0x00,0x00,0x00,0x00,0xC3,0x24,0x24,0xC2,0x00,0x20,0xE0,0xC3,0x04,
  54          0xE4,0x27,0x04,0x00,0x00,0x04,0x07,0x04,0x04,0x00,0x04,0x07,0x04,0x04,0x07,0x04,
  55          0x00,0x00,0x00,0x00,0x00,0x00,0x0C,0x09,0x09,0x06,0x00,0x00,0x00,0x0A,0x00,0x00,
C51 COMPILER V9.00   PIC                                                                   12/10/2014 12:02:44 PAGE 2   

  56          0x00,0x00,0x00,0x07,0x08,0x08,0x07,0x00,0x08,0x0F,0x01,0x06,0x0F,0x00,0x00,0x00,
  57          0x00,0x00,0x00,0x00,0x00,0x00,0x00,0x00,0x00,0x00,0x00,0x00,0x00,0x00,0x00,0x00
  58          };
  59          unsigned char code start_pic[]=
  60          {
  61          0x00,0x00,0x00,0x00,0x00,0x00,0x00,0x00,0x00,0x00,0x00,0x00,0x00,0x00,0x00,0x00,
  62          0x00,0x00,0x00,0x00,0x00,0x00,0x00,0x00,0x00,0x00,0x00,0x00,0x00,0x00,0x00,0x00,
  63          0x00,0x00,0x00,0x00,0x00,0x00,0x00,0x00,0x00,0x00,0x00,0x00,0x00,0x00,0x00,0x00,
  64          0x00,0x00,0x00,0x00,0x00,0x00,0x00,0x00,0x00,0x00,0x00,0x00,0x00,0x00,0x00,0x00,
  65          0x00,0x00,0x00,0x00,0x00,0x00,0x00,0x00,0x00,0x00,0x00,0x00,0x00,0x00,0x00,0x00,
  66          0x00,0x00,0x00,0x00,0x00,0x00,0x00,0x00,0x00,0x00,0x00,0x00,0x00,0x00,0x00,0x00,
  67          0x00,0x00,0x00,0x00,0x00,0x00,0x00,0x00,0x00,0x00,0x00,0x00,0x00,0x00,0x00,0x00,
  68          0x00,0x00,0x00,0x00,0x00,0x00,0x00,0x00,0x00,0x00,0x00,0x00,0x00,0x00,0x00,0x00,
  69          0x00,0x00,0x00,0x00,0x00,0x00,0x00,0x00,0x00,0x00,0x00,0x00,0x00,0x00,0x00,0x00,
  70          0x00,0x00,0x00,0x00,0x00,0x00,0x00,0x00,0x00,0x00,0x00,0x00,0x00,0x00,0x00,0x00,
  71          0x00,0x00,0x00,0x00,0x00,0x00,0x00,0x00,0x00,0x00,0x00,0x00,0x00,0x00,0x00,0x00,
  72          0x00,0x00,0x00,0x00,0x00,0x00,0x00,0x00,0x00,0x00,0x00,0x00,0x00,0x00,0x00,0x00,
  73          0x00,0x00,0x00,0x00,0x00,0x00,0x00,0x00,0x00,0x00,0x00,0x00,0x00,0x00,0x00,0x00,
  74          0x00,0x00,0x00,0x00,0x00,0x00,0x00,0x00,0x00,0x00,0x00,0x00,0x00,0x00,0x00,0x00,
  75          0x00,0x00,0x00,0x00,0x00,0x00,0x00,0x00,0x00,0x00,0x00,0x00,0x00,0x00,0x00,0x00,
  76          0x00,0x00,0x00,0x00,0x00,0x00,0x00,0x00,0x00,0x00,0x00,0x00,0x00,0x00,0x00,0x00,
  77          0x00,0x00,0x00,0x00,0x00,0x00,0x00,0xC0,0xC0,0xC0,0x80,0x80,0x00,0x00,0x00,0x00,
  78          0x80,0xC0,0xC0,0x00,0xE0,0xE0,0xE0,0xC0,0x80,0x00,0x00,0x00,0x00,0x00,0x00,0x00,
  79          0x80,0x80,0x80,0x80,0xC0,0xC0,0xC0,0xC0,0xC0,0xC0,0xC0,0xC0,0xC0,0xC0,0xC0,0xC0,
  80          0x00,0x00,0x00,0x00,0x00,0x00,0x60,0xE0,0xE0,0xE0,0x00,0x00,0x00,0xF0,0xF0,0xE0,
  81          0x80,0x00,0x00,0x00,0x00,0x00,0x00,0x80,0x80,0x80,0x00,0x00,0x00,0x00,0x00,0x00,
  82          0x00,0x00,0x00,0x00,0x00,0x00,0xE0,0xE0,0xE0,0xC0,0x80,0x00,0x00,0x00,0x00,0x00,
  83          0x00,0x00,0x00,0x00,0x00,0x00,0x00,0x00,0x00,0x00,0x00,0x00,0x00,0x00,0x00,0x00,
  84          0x00,0x00,0x00,0xE0,0xE0,0xE0,0x00,0x00,0x00,0x00,0x00,0x00,0x00,0x00,0x00,0x00,
  85          0x00,0xC0,0xE0,0xF0,0x78,0xFC,0xFE,0xFF,0x67,0x63,0x73,0x63,0xFF,0xFF,0xFE,0xF8,
  86          0xFC,0x7F,0xFF,0xFF,0xDC,0xEC,0xF1,0xF3,0x03,0x03,0x00,0x00,0x00,0x00,0x00,0x03,
  87          0x07,0x5F,0xFD,0xFB,0xFF,0xFF,0xFD,0xFF,0xFF,0xFF,0xFF,0x7F,0x0F,0x03,0x01,0x00,
  88          0x00,0x00,0x00,0x00,0x00,0x00,0x00,0x03,0x07,0x1F,0xFF,0xFF,0xFB,0xFF,0xFF,0xFF,
  89          0xC5,0xCE,0xFF,0xFF,0xFF,0xE7,0xF3,0xF3,0x3B,0x3B,0x30,0x00,0x00,0x00,0x00,0x00,
  90          0x00,0x00,0x38,0x38,0x38,0x30,0x30,0x38,0xB9,0xDF,0xFF,0xFC,0xFC,0xEE,0x0E,0x06,
  91          0x07,0x07,0x00,0x00,0x00,0x00,0x00,0x00,0x00,0x30,0x30,0x3E,0xFE,0xFE,0x30,0xF8,
  92          0xF8,0xF0,0xA6,0xFF,0xFF,0xFF,0xF6,0xFF,0xFF,0xFF,0xE6,0x60,0x00,0x00,0x00,0x00,
  93          0x00,0x01,0x01,0x00,0x00,0x8F,0xFF,0xFF,0x70,0x00,0x18,0x7C,0xFF,0xFF,0xFF,0x61,
  94          0x60,0x70,0x39,0x1F,0xFF,0xFF,0xFB,0xF9,0xC0,0x00,0x00,0x00,0x00,0x00,0x00,0x00,
  95          0x00,0x00,0x00,0x03,0xC3,0xE7,0xFF,0x7E,0x1F,0x3F,0x79,0x70,0x00,0x00,0x00,0x00,
  96          0x00,0x00,0x00,0x00,0x00,0x00,0x06,0x07,0x07,0x1F,0x7F,0x7F,0x73,0x0F,0x3F,0x3F,
  97          0x01,0x01,0x0F,0x0F,0x0F,0xE0,0xFF,0xFF,0x00,0x00,0x00,0x00,0x00,0x00,0x00,0x00,
  98          0x00,0x00,0x70,0x70,0x78,0x3C,0x7E,0xFF,0xF7,0xC3,0xE1,0xF8,0x7F,0x3F,0x00,0x00,
  99          0x00,0x00,0x00,0x00,0x00,0x00,0x00,0x00,0x00,0x00,0x00,0x1C,0x1F,0x1F,0x0F,0x07,
 100          0xE1,0xE1,0xF9,0x7F,0x3F,0x07,0x06,0x0E,0x1E,0x3C,0xF8,0xE0,0xC0,0x00,0x00,0x00,
 101          0x00,0x00,0x00,0x00,0x00,0x03,0x03,0x03,0x00,0x00,0x00,0x00,0x00,0x00,0x00,0x00,
 102          0x00,0x00,0x00,0x00,0x00,0x03,0x07,0x07,0x03,0x00,0x00,0x00,0x00,0x00,0x00,0x00,
 103          0x00,0x00,0x0E,0x0F,0x07,0x03,0x01,0x00,0x00,0x00,0x00,0x00,0x00,0x00,0x00,0x00,
 104          0x00,0x00,0x00,0x00,0x00,0x00,0x00,0x00,0x00,0x00,0x00,0x00,0x00,0x00,0x00,0x00,
 105          0x00,0x00,0x00,0x00,0x04,0x0F,0x0F,0x01,0x00,0x00,0x00,0x00,0x00,0x00,0x00,0x00,
 106          0x00,0x00,0x00,0x00,0x00,0x00,0x00,0x00,0x01,0x01,0x00,0x00,0x00,0x00,0x00,0x00,
 107          0x00,0x00,0x00,0x00,0x00,0x00,0x00,0x00,0x00,0x00,0x00,0x00,0x00,0x00,0x00,0x00,
 108          0x00,0x00,0x00,0x00,0x00,0x00,0x00,0x00,0x00,0x00,0x00,0x03,0x03,0x03,0x00,0x00,
 109          0x00,0x00,0x00,0x00,0x00,0x00,0x00,0x00,0x00,0x00,0x00,0x00,0x00,0x00,0x00,0x00,
 110          0x00,0x00,0x00,0x00,0x00,0x00,0x00,0x00,0x00,0x00,0x00,0x00,0x00,0x00,0x00,0x00,
 111          0x00,0x00,0x00,0x00,0x00,0x00,0x00,0x00,0x00,0x00,0x00,0x00,0x00,0x00,0x00,0x00,
 112          0x00,0x00,0x00,0x00,0x00,0x00,0x00,0x00,0x00,0x00,0x00,0x00,0x00,0x00,0x00,0x00,
 113          0x00,0x00,0x00,0x00,0x00,0x00,0x00,0x00,0x00,0x00,0x00,0x00,0x00,0x00,0x00,0x00,
 114          0x00,0x00,0x00,0x00,0x00,0x00,0x00,0x00,0x00,0x00,0x00,0x00,0x00,0x00,0x00,0x00,
 115          0x00,0x00,0x00,0x00,0x00,0x00,0x00,0x00,0x00,0x00,0x00,0x00,0x00,0x00,0x00,0x00,
 116          0x00,0x00,0x00,0x00,0x00,0x00,0x00,0x00,0x00,0x00,0x00,0x00,0x00,0x00,0x00,0x00,
 117          0x00,0x00,0x00,0x00,0x00,0x00,0x00,0x00,0x00,0x00,0x00,0x00,0x00,0x00,0x00,0x00,
C51 COMPILER V9.00   PIC                                                                   12/10/2014 12:02:44 PAGE 3   

 118          0x00,0x00,0x00,0x00,0x00,0x00,0x00,0x00,0x00,0x00,0x00,0x00,0x00,0x00,0x00,0x00,
 119          0x00,0x00,0x00,0x00,0x00,0x00,0x00,0x00,0x00,0x00,0x00,0x00,0x00,0x00,0x00,0x00,
 120          0x00,0x00,0x00,0x00,0x00,0x00,0x00,0x00,0x00,0x00,0x00,0x00,0x00,0x00,0x00,0x00,
 121          0x00,0x00,0x00,0x00,0x00,0x00,0x00,0x00,0x00,0x00,0x00,0x00,0x00,0x00,0x00,0x00,
 122          0x00,0x00,0x00,0x00,0x00,0x00,0x00,0x00,0x00,0x00,0x00,0x00,0x00,0x00,0x00,0x00,
 123          0x00,0x00,0x00,0x00,0x00,0x00,0x00,0x00,0x00,0x00,0x00,0x00,0x00,0x00,0x00,0x00,
 124          0x00,0x00,0x00,0x00,0x00,0x00,0x00,0x00,0x00,0x00,0x00,0x00,0x00,0x00,0x00,0x00
 125          
 126          };
 127          unsigned char code over_pic[]=
 128          {
 129          /*--  调入了一幅图像：G:\favourite\自制\液晶屏俄罗斯方块\资料\结束画面.bmp  --*/
 130          /*--  宽度x高度=128x64  --*/
 131          0x00,0x00,0x00,0x00,0x00,0x00,0x00,0x00,0x00,0x00,0x00,0x00,0x00,0x00,0x00,0x00,
 132          0x00,0x00,0x00,0x00,0x00,0x00,0x00,0x00,0x00,0x00,0x00,0x00,0x00,0x00,0x80,0x80,
 133          0xC0,0xC0,0xC0,0xC0,0xC0,0xC0,0xC0,0xC0,0xC0,0x00,0x00,0x00,0x00,0x00,0x00,0x00,
 134          0x80,0x80,0x80,0x80,0x80,0x80,0x80,0x80,0x00,0x00,0x00,0x00,0x00,0x00,0x80,0x80,
 135          0x80,0x80,0x80,0x80,0x80,0x80,0x00,0x00,0x00,0x00,0x00,0x00,0x00,0x80,0x80,0x80,
 136          0x80,0x80,0x80,0x80,0x80,0x00,0x00,0x80,0x80,0x80,0x80,0x80,0x80,0x80,0x80,0x80,
 137          0x80,0x80,0x80,0x80,0x80,0x80,0x00,0x00,0x00,0x00,0x00,0x00,0x00,0x00,0x00,0x00,
 138          0x00,0x00,0x00,0x00,0x00,0x00,0x00,0x00,0x00,0x00,0x00,0x00,0x00,0x00,0x00,0x00,
 139          0x00,0x00,0x00,0x00,0x00,0x00,0x00,0x00,0x00,0x00,0x00,0x00,0x00,0x00,0x00,0x00,
 140          0x00,0x00,0x00,0x00,0x00,0x00,0x00,0x00,0x80,0xF0,0xFC,0xFE,0xFF,0xFF,0xFF,0xFF,
 141          0xFF,0xFF,0xFF,0xFF,0xFF,0xFF,0xFF,0xFF,0xFF,0x00,0x00,0x00,0x00,0x00,0x80,0xFE,
 142          0xFF,0xFF,0xFF,0xFF,0xFF,0xFF,0xFF,0xFF,0xF8,0x80,0x00,0x00,0x00,0x00,0x7F,0xFF,
 143          0xFF,0xFF,0xFF,0xFF,0xFF,0xFF,0xFF,0xF8,0xE0,0x80,0xE0,0xF8,0xFF,0xFF,0xFF,0xFF,
 144          0xFF,0xFF,0xFF,0xFF,0xFF,0x00,0x00,0xFF,0xFF,0xFF,0xFF,0xFF,0xFF,0xFF,0xFF,0xFF,
 145          0xFF,0xFF,0xFF,0xFF,0xFF,0x0F,0x00,0x00,0x00,0x00,0x00,0x00,0x00,0x00,0x00,0x00,
 146          0x00,0x00,0x00,0x00,0x00,0x00,0x00,0x00,0x00,0x00,0x00,0x00,0x00,0x00,0x00,0x00,
 147          0x00,0x00,0x00,0x00,0x00,0x00,0x00,0x00,0x00,0x00,0x00,0x00,0x00,0x00,0x00,0x00,
 148          0x00,0x00,0x00,0x00,0x00,0x00,0x00,0x00,0x7F,0xFF,0xFF,0xFF,0xFF,0xFF,0xFF,0xFF,
 149          0xFF,0x07,0x03,0x01,0x70,0xF0,0xF0,0xF0,0xF0,0xF0,0xF0,0x00,0x00,0xF8,0xFF,0xFF,
 150          0x3F,0x07,0x1F,0xFF,0xFF,0xFF,0xFF,0xFF,0xFF,0xFF,0xFC,0xC0,0x00,0x00,0x00,0xFF,
 151          0xFF,0xFF,0xFF,0xFF,0xFF,0xFF,0xFF,0xFF,0xFF,0xFF,0xFF,0xFF,0xFF,0xFF,0xFF,0xFF,
 152          0xFF,0xFF,0xFF,0xFF,0x00,0x00,0x00,0x00,0xFF,0xFF,0xFF,0xFF,0xFF,0xFF,0xFF,0xFF,
 153          0x78,0x78,0x78,0x78,0x18,0x00,0x00,0x00,0x00,0x00,0x00,0x00,0x00,0x00,0x00,0x00,
 154          0x00,0x00,0x00,0x00,0x00,0x00,0x00,0x00,0x00,0x00,0x00,0x00,0x00,0x00,0x00,0x00,
 155          0x00,0x00,0x00,0x00,0x00,0x00,0x00,0x00,0x00,0x00,0x00,0x00,0x00,0x00,0x00,0x00,
 156          0x00,0x00,0x00,0x00,0x00,0x00,0x00,0x00,0x00,0x01,0x07,0x0F,0x1F,0x1F,0x3F,0x3F,
 157          0x7F,0x7E,0x7C,0x78,0x78,0x7F,0x7F,0x7F,0x7F,0x7F,0x00,0x30,0x3F,0x3F,0x3F,0x05,
 158          0x0C,0x3C,0x1C,0x0E,0x1F,0x3F,0x3F,0x3F,0x3F,0x3F,0x3F,0x3F,0x3E,0x30,0x00,0x3F,
 159          0x3F,0x3F,0x3F,0x3F,0x00,0x01,0x07,0x0F,0x3F,0x7F,0x3F,0x0F,0x07,0x01,0x00,0x3F,
 160          0x3F,0x3F,0x3F,0x3F,0x00,0x00,0x00,0x00,0x3F,0x3F,0x3F,0x3F,0x3F,0x3F,0x3F,0x3F,
 161          0x3C,0x3C,0x3C,0x3C,0x3C,0x0C,0x00,0x00,0x00,0x00,0x00,0x00,0x00,0x00,0x00,0x00,
 162          0x00,0x00,0x00,0x00,0x00,0x00,0x00,0x00,0x00,0x00,0x00,0x00,0x00,0x00,0x00,0x00,
 163          0x00,0x00,0x00,0x00,0x00,0x00,0x00,0x00,0x00,0x00,0x00,0x00,0x00,0x00,0x00,0x00,
 164          0x00,0x00,0x00,0x00,0x00,0x00,0x00,0x00,0x00,0x00,0xC0,0xF0,0xF8,0xFC,0xFC,0xFE,
 165          0xFE,0xFE,0xFE,0xFE,0xFE,0xFE,0xFC,0xFC,0xF8,0xF0,0xC0,0x00,0x00,0x0C,0x7C,0xFC,
 166          0xFC,0xFC,0xFC,0xFC,0xFC,0xFC,0xFC,0xC0,0x00,0x00,0xF0,0xFC,0xFC,0xFC,0x7C,0x0C,
 167          0x00,0xFC,0xFC,0xFC,0xFC,0xFC,0xFC,0xFC,0xFC,0xFC,0xFC,0xFC,0xFC,0xFC,0xFC,0x7C,
 168          0x00,0x00,0xFC,0xFC,0xFE,0xFE,0xFE,0xFE,0xFE,0xFE,0xFE,0xFE,0xFE,0xFE,0xFE,0xFC,
 169          0xFC,0xFC,0xF8,0xF0,0xE0,0x80,0x00,0x00,0x00,0x00,0x00,0x00,0x00,0x00,0x00,0x00,
 170          0x00,0x00,0x00,0x00,0x00,0x00,0x00,0x00,0x00,0x00,0x00,0x00,0x00,0x00,0x00,0x00,
 171          0x00,0x00,0x00,0x00,0x00,0x00,0x00,0x00,0x00,0x00,0x00,0x00,0x00,0x00,0x00,0x00,
 172          0x00,0x00,0x00,0x00,0x00,0x00,0x00,0x00,0x00,0xFE,0xFF,0xFF,0xFF,0xFF,0xFF,0xFF,
 173          0x1F,0x07,0x07,0x07,0x1F,0xFF,0xFF,0xFF,0xFF,0xFF,0xFF,0xFE,0x00,0x00,0x00,0x03,
 174          0x1F,0xFF,0xFF,0xFF,0xFF,0xFF,0xFF,0xFF,0xF8,0xFF,0xFF,0xFF,0x1F,0x03,0x00,0x00,
 175          0x00,0x07,0xFF,0xFF,0xFF,0xFF,0xFF,0xFF,0xFF,0xFF,0xC7,0xC7,0xC7,0xC7,0xC7,0x00,
 176          0x00,0x00,0x0F,0xFF,0xFF,0xFF,0xFF,0xFF,0xFF,0xFF,0xFF,0x03,0x03,0x83,0x87,0xFF,
 177          0xFF,0xFF,0xFF,0xFF,0x7F,0x1F,0x00,0x00,0x00,0x00,0x00,0x00,0x00,0x00,0x00,0x00,
 178          0x00,0x00,0x00,0x00,0x00,0x00,0x00,0x00,0x00,0x00,0x00,0x00,0x00,0x00,0x00,0x00,
 179          0x00,0x00,0x00,0x00,0x00,0x00,0x00,0x00,0x00,0x00,0x00,0x00,0x00,0x00,0x00,0x00,
C51 COMPILER V9.00   PIC                                                                   12/10/2014 12:02:44 PAGE 4   

 180          0x00,0x00,0x00,0x00,0x00,0x00,0x00,0x00,0x00,0x01,0x0F,0x3F,0x7F,0xFF,0xFF,0xFF,
 181          0xF0,0xC0,0xC0,0xE0,0xF8,0xFF,0xFF,0xFF,0x7F,0x3F,0x0F,0x01,0x00,0x00,0x00,0x00,
 182          0x00,0x00,0x0F,0x7F,0xFF,0xFF,0xFF,0xFF,0xFF,0x7F,0x0F,0x00,0x00,0x00,0x00,0x00,
 183          0x00,0x00,0xFF,0xFF,0xFF,0xFF,0xFF,0xFF,0xFF,0xFF,0xE3,0xE3,0xE3,0xE3,0xE0,0x60,
 184          0x00,0x00,0x00,0xFF,0xFF,0xFF,0xFF,0xFF,0xFF,0xFF,0xFF,0x1F,0x3F,0x7F,0xFF,0xFF,
 185          0xFF,0xFB,0xF1,0xE0,0xC0,0x80,0x00,0x00,0x00,0x00,0x00,0x00,0x00,0x00,0x00,0x00,
 186          0x00,0x00,0x00,0x00,0x00,0x00,0x00,0x00,0x00,0x00,0x00,0x00,0x00,0x00,0x00,0x00,
 187          0x00,0x00,0x00,0x00,0x00,0x00,0x00,0x00,0x00,0x00,0x00,0x00,0x00,0x00,0x00,0x00,
 188          0x00,0x00,0x00,0x00,0x00,0x00,0x00,0x00,0x00,0x00,0x00,0x00,0x00,0x00,0x01,0x01,
 189          0x03,0x03,0x03,0x03,0x03,0x01,0x01,0x00,0x00,0x00,0x00,0x00,0x00,0x00,0x00,0x00,
 190          0x00,0x00,0x00,0x00,0x01,0x01,0x01,0x01,0x01,0x00,0x00,0x00,0x00,0x00,0x00,0x00,
 191          0x00,0x00,0x01,0x01,0x01,0x01,0x01,0x01,0x01,0x01,0x01,0x01,0x01,0x01,0x01,0x00,
 192          0x00,0x00,0x00,0x01,0x01,0x01,0x01,0x01,0x01,0x01,0x01,0x00,0x00,0x00,0x00,0x01,
 193          0x03,0x03,0x01,0x01,0x00,0x00,0x00,0x00,0x00,0x00,0x00,0x00,0x00,0x00,0x00,0x00,
 194          0x00,0x00,0x00,0x00,0x00,0x00,0x00,0x00,0x00,0x00,0x00,0x00,0x00,0x00,0x00,0x00
 195          };


MODULE INFORMATION:   STATIC OVERLAYABLE
   CODE SIZE        =   ----    ----
   CONSTANT SIZE    =   2526    ----
   XDATA SIZE       =   ----    ----
   PDATA SIZE       =   ----    ----
   DATA SIZE        =   ----    ----
   IDATA SIZE       =   ----    ----
   BIT SIZE         =   ----    ----
END OF MODULE INFORMATION.


C51 COMPILATION COMPLETE.  0 WARNING(S),  0 ERROR(S)
