C51 COMPILER V9.53.0.0   MAIN                                                              04/17/2022 19:38:18 PAGE 1   


C51 COMPILER V9.53.0.0, COMPILATION OF MODULE MAIN
OBJECT MODULE PLACED IN main.OBJ
COMPILER INVOKED BY: C:\Keil_v5\C51\BIN\C51.EXE main.c OPTIMIZE(8,SPEED) BROWSE DEBUG OBJECTEXTEND

line level    source

   1          #include <REGX52.H>
   2          #include <INTRINS.H>
   3          #define LED P2//定义P2端口为LED
   4          void Delay(unsigned int xms)            //@11.0592MHz
   5          {
   6   1              unsigned char i, j;
   7   1      
   8   1              while(xms)
   9   1              {
  10   2                              i = 2;
  11   2                      j = 199;
  12   2                      do
  13   2                      {
  14   3                              while (--j);
  15   3                      } while (--i);
  16   2                      xms--;
  17   2              }
  18   1      }
  19          
  20          
  21          void main()
  22          {
  23   1              int i=0;
  24   1              LED=~0x01;
  25   1              while(1)
  26   1              {
  27   2                      for(i=7;i>0;i--)
  28   2                      {
  29   3                              LED=_crol_(LED,1);
  30   3                              Delay(100);
  31   3                      }
  32   2                      for(i=7;i>0;i--)
  33   2                      {
  34   3                              LED=_cror_(LED,1);
  35   3                              Delay(100);
  36   3                      }
  37   2                      
  38   2              }
  39   1      }


MODULE INFORMATION:   STATIC OVERLAYABLE
   CODE SIZE        =     92    ----
   CONSTANT SIZE    =   ----    ----
   XDATA SIZE       =   ----    ----
   PDATA SIZE       =   ----    ----
   DATA SIZE        =   ----    ----
   IDATA SIZE       =   ----    ----
   BIT SIZE         =   ----    ----
END OF MODULE INFORMATION.


C51 COMPILATION COMPLETE.  0 WARNING(S),  0 ERROR(S)
