C51 COMPILER V9.53.0.0   MAIN                                                              11/08/2021 20:58:33 PAGE 1   


C51 COMPILER V9.53.0.0, COMPILATION OF MODULE MAIN
OBJECT MODULE PLACED IN main.OBJ
COMPILER INVOKED BY: C:\Keil_v5\C51\BIN\C51.EXE main.c OPTIMIZE(8,SPEED) BROWSE DEBUG OBJECTEXTEND TABS(2)

line level    source

   1          #include <REGX52.H>
   2          #include <INTRINS.H>
   3          
   4          void Delay1ms(unsigned int xms)   //@11.0592MHz
   5          {
   6   1        unsigned char i, j;
   7   1        while(xms)
   8   1        {
   9   2          _nop_();
  10   2          i = 2;
  11   2          j = 199;
  12   2          do
  13   2          {
  14   3            while (--j);
  15   3          } while (--i);
  16   2          xms--;
  17   2        }
  18   1        
  19   1      }
  20          
  21          void main()
  22          {
  23   1          while(1) 
  24   1        {
  25   2          P0=0x01;
  26   2          Delay1ms(500);
  27   2          P0=0x02;
  28   2          Delay1ms(500);
  29   2          P0=0x04;
  30   2          Delay1ms(500);
  31   2          P0=0x08;
  32   2          Delay1ms(500);
  33   2          P0=0x10;
  34   2          Delay1ms(500);
  35   2          P0=0x20;
  36   2          Delay1ms(500);
  37   2          P0=0x40;
  38   2          Delay1ms(500);
  39   2          P0=0x80;
  40   2          Delay1ms(500);
  41   2        
  42   2          P0=0x40;
  43   2          Delay1ms(500);
  44   2          P0=0x20;
  45   2          Delay1ms(500);
  46   2          P0=0x10;
  47   2          Delay1ms(500);
  48   2          P0=0x08;
  49   2          Delay1ms(500);
  50   2          P0=0x04;
  51   2          Delay1ms(500);
  52   2          P0=0x02;
  53   2          Delay1ms(500);
  54   2        }
  55   1        
C51 COMPILER V9.53.0.0   MAIN                                                              11/08/2021 20:58:33 PAGE 2   

  56   1      }


MODULE INFORMATION:   STATIC OVERLAYABLE
   CODE SIZE        =    110    ----
   CONSTANT SIZE    =   ----    ----
   XDATA SIZE       =   ----    ----
   PDATA SIZE       =   ----    ----
   DATA SIZE        =   ----    ----
   IDATA SIZE       =   ----    ----
   BIT SIZE         =   ----    ----
END OF MODULE INFORMATION.


C51 COMPILATION COMPLETE.  0 WARNING(S),  0 ERROR(S)
