C51 COMPILER V9.53.0.0   MAIN                                                              11/09/2021 00:24:05 PAGE 1   


C51 COMPILER V9.53.0.0, COMPILATION OF MODULE MAIN
OBJECT MODULE PLACED IN main.OBJ
COMPILER INVOKED BY: C:\Keil_v5\C51\BIN\C51.EXE main.c OPTIMIZE(8,SPEED) BROWSE DEBUG OBJECTEXTEND

line level    source

   1          #include <REGX52.H>
   2          
   3          void Delay(unsigned int xms)            //@11.0592MHz
   4          {
   5   1              unsigned char i, j;
   6   1      
   7   1              while(xms)
   8   1              {
   9   2                              i = 2;
  10   2                      j = 199;
  11   2                      do
  12   2                      {
  13   3                              while (--j);
  14   3                      } while (--i);
  15   2                      xms--;
  16   2              }
  17   1      }
  18          
  19          void main()
  20          {
  21   1              P0=0x00;
  22   1              while(1)
  23   1              {
  24   2                              if(P1_0==0||P1_1==0||P1_2==0||P1_3==0)
  25   2                      {
  26   3                              Delay(20);
  27   3                              
  28   3                              Delay(20);
  29   3                              P0=~P0;
  30   3                              while(P1_0==0||P1_1==0||P1_2==0||P1_3==0);
  31   3                              Delay(20);
  32   3                              P0=~P0;
  33   3                      }
  34   2              }
  35   1              
  36   1      }
  37          


MODULE INFORMATION:   STATIC OVERLAYABLE
   CODE SIZE        =     68    ----
   CONSTANT SIZE    =   ----    ----
   XDATA SIZE       =   ----    ----
   PDATA SIZE       =   ----    ----
   DATA SIZE        =   ----    ----
   IDATA SIZE       =   ----    ----
   BIT SIZE         =   ----    ----
END OF MODULE INFORMATION.


C51 COMPILATION COMPLETE.  0 WARNING(S),  0 ERROR(S)
