C51 COMPILER V9.60.0.0   MAIN                                                              10/25/2022 23:28:36 PAGE 1   


C51 COMPILER V9.60.0.0, COMPILATION OF MODULE MAIN
OBJECT MODULE PLACED IN .\Objects\main.obj
COMPILER INVOKED BY: C:\Keil_v5_c51\C51\BIN\C51.EXE main.c OPTIMIZE(8,SPEED) BROWSE DEBUG OBJECTEXTEND PRINT(.\Listings\
                    -main.lst) TABS(2) OBJECT(.\Objects\main.obj)

line level    source

   1          #include "head.h"
   2          #define uint unsigned int 
   3          #define uchar unsigned char
   4          void recive(char *da,char temp);
   5          /*本代码实现串口的收发功能，PC发送什么单片机就接收什么，
   6          然后单片机又把接收的发出去，本次编写了在发送单个字符串
   7          函数上添加了字符串函数，方便以后发送字符串调用*/
   8          int displaymode = 0;//显示模式 0 1
   9          int TimeFlag = 0;//倒计时标志位 0未开始倒计时 -1倒计时结束 1开始倒计时
  10          int reset = 1;//重置标志位 reset = 0时初始化da[]为00000并且开放读取串口数据
  11          int stop = 0;//倒计时暂停标志位
  12          int s = 0;//sum 中断计数次数
  13          int i = 1;//数组读取串口下标
  14          int Timeleast_s = -1;//倒计时剩余秒数
  15          char da[5] = "00000";//接收串口数据数组，对应数码管四位数据
  16          void main()
  17          {
  18   1        Uart_init(); //串口初始化
  19   1        Timer0Init();
  20   1        while(1){
  21   2          if(displaymode == 1){ //显示模式1
  22   3            if(TimeFlag == -1){ //判断是否倒计时结束
  23   4              displayover();      //显示结束模式，显示66666666
  24   4          }else{
  25   4            displayleast(Timeleast_s);//显示剩余倒计时时间  分--秒
  26   4          }
  27   3          }
  28   2          if(displaymode == 0){//显示模式0
  29   3            displayinit(da);//初始化输入显示模式 显示da[5]数组中前四位
  30   3          }
  31   2          if(reset == 1){//da[5]数组重置
  32   3            i = 1;
  33   3            recive(da,'0');
  34   3            recive(da,'0');
  35   3            recive(da,'0');
  36   3            recive(da,'0');
  37   3            i = 1;
  38   3            reset = 0;
  39   3            TimeFlag = 0;
  40   3          }
  41   2        }
  42   1        
  43   1      }
  44          
  45          void recive(unsigned char da[5],unsigned char temp){ //数组接收函数
  46   1        if(i < 5){//从1接到5 接收到i = 5时停止接收
  47   2          da[i] = temp; 
  48   2          i++;
  49   2        }
  50   1      }
  51          void Uart_1ms() interrupt 1
  52          {
  53   1        if(P3_1 == 0){ //当按下k1
  54   2          if(stop == 1){  //如果先前按下了k2使得计时暂停
C51 COMPILER V9.60.0.0   MAIN                                                              10/25/2022 23:28:36 PAGE 2   

  55   3            stop = 0;     //则恢复计时标志位
  56   3            while(P3_1 == 0){}//等待按键抬起，防误识别
  57   3              return ;   //中断服务结束
  58   3          }
  59   2          if(TimeFlag == -1)//判断是否是计时结束状态
  60   2          {
  61   3            displaymode = 0;
  62   3            reset = 1;//重置数组da[5]
  63   3            while(P3_1 == 0){}//等待按键抬起，防误识别
  64   3              return ;//中断服务结束
  65   3          }else{
  66   3            displaymode = 1;//如果处于显示模式1
  67   3          TimeFlag = 1;//进入倒计时模式
  68   3          Timeleast_s = (swap(da[1])*10 + swap(da[2]))*60 + swap(da[3])*10 + swap(da[4]);//设置剩余倒计时
             -间，单位S
  69   3          }
  70   2        }
  71   1        if(P3_0 == 0){//按下k2
  72   2          if(displaymode == 0){//若处于计时结束模式
  73   3            reset = 1;//重置数组
  74   3          }
  75   2          if(TimeFlag == 1){//若处于计时模式
  76   3            stop = 1;//计时暂停标志位赋1
  77   3          }
  78   2        }
  79   1        s++;//计数
  80   1        if(s == 14){ //中断14次为1秒
  81   2          if(TimeFlag == 1 && Timeleast_s > 0 && stop == 0){ //判断处于倒计时模式且剩余时间大于0 
             -停计时标志位不为1
  82   3            Timeleast_s--;//剩余时间减1秒
  83   3            }
  84   2            if(Timeleast_s == 0){//当倒计时剩余时间为0秒
  85   3              TimeFlag = -1;//倒计时模式设为倒计时完成模式
  86   3              Timeleast_s = -1; //令剩余时间为负数，防止误显示
  87   3        }
  88   2          s = 0;
  89   2        }
  90   1      }
  91          //串口发送一个字符函数
  92          void Uart_send(unsigned char a)
  93          {
  94   1        SBUF = a;        //SBUF是一个寄存器，将字符a寄存在SBUF中
  95   1        recive(da,a); //将接收到的a发向a
  96   1        while(!TI);     //等待发送完毕
  97   1        TI = 0;         //软件复位
  98   1      }
  99           


MODULE INFORMATION:   STATIC OVERLAYABLE
   CODE SIZE        =    455    ----
   CONSTANT SIZE    =   ----    ----
   XDATA SIZE       =   ----    ----
   PDATA SIZE       =   ----    ----
   DATA SIZE        =     19    ----
   IDATA SIZE       =   ----    ----
   BIT SIZE         =   ----    ----
END OF MODULE INFORMATION.


C51 COMPILATION COMPLETE.  0 WARNING(S),  0 ERROR(S)
