C51 COMPILER V9.60.0.0   UART_DRIVER                                                       10/25/2022 23:13:59 PAGE 1   


C51 COMPILER V9.60.0.0, COMPILATION OF MODULE UART_DRIVER
OBJECT MODULE PLACED IN .\Objects\Uart_driver.obj
COMPILER INVOKED BY: C:\Keil_v5_c51\C51\BIN\C51.EXE Uart_driver.c OPTIMIZE(8,SPEED) BROWSE DEBUG OBJECTEXTEND PRINT(.\Li
                    -stings\Uart_driver.lst) TABS(2) OBJECT(.\Objects\Uart_driver.obj)

line level    source

   1          #include "head.h"
   2          //串口初始化函数
   3          void Uart_init()
   4          {
   5   1        
   6   1        REN = 1;      //允许接收
   7   1        EA = 1;       //允许中断
   8   1        ES = 1;       //串行中断允许
   9   1        PCON &= 0x7F;   //波特率不倍速
  10   1        SCON = 0x50;    //8位数据,可变波特率
  11   1        TMOD &= 0x0F;   //清除定时器1模式位
  12   1        TMOD |= 0x20;   //设定定时器1为8位自动重装方式
  13   1        TL1 = 0xFD;   //设定定时初值
  14   1        TH1 = 0xFD;   //设定定时器重装值
  15   1        ET1 = 0;    //禁止定时器1中断
  16   1        TR1 = 1;    //启动定时器1
  17   1          
  18   1      }
  19          void Timer0Init(void)   //10毫秒@11.0592MHz
  20          {
  21   1        //1. 配置定时器0工作模式位16位计时
  22   1        TMOD |= 0x01;
  23   1        //2. 给初值，定一个10ms出来
  24   1        TL0=0x00;
  25   1        TH0=0xDC;
  26   1        //3. 开始计时，定时器"数数"
  27   1        TR0 = 1;
  28   1        TF0 = 0;
  29   1        //4. 打开定时器0中断
  30   1        ET0 = 1;
  31   1        //5. 打开总中断EA
  32   1        EA = 1;
  33   1      }
  34          //串口发送字符串函数   
  35          void Uart_str(unsigned char *s)
  36          {
  37   1        while(*s != '\0')  //判断字符串是否发送完毕
  38   1        {
  39   2          Uart_send(*s);
  40   2          s++;              //字符地址+1
  41   2        }
  42   1      }
  43           //串口中断服务函数
  44          void Uart() interrupt 4
  45          {
  46   1        unsigned char temp;       //用于存放读出的寄存器SBUF中的值
  47   1        if(RI)               //检测串口接收中断标志，接收时为1
  48   1        {   
  49   2          temp = SBUF;             //将SBUF寄存器的值存在temp中
  50   2          Uart_send(temp);        //发送temp
  51   2          RI = 0;                //清中断标志
  52   2        }
  53   1      }
  54          
C51 COMPILER V9.60.0.0   UART_DRIVER                                                       10/25/2022 23:13:59 PAGE 2   



MODULE INFORMATION:   STATIC OVERLAYABLE
   CODE SIZE        =    148    ----
   CONSTANT SIZE    =   ----    ----
   XDATA SIZE       =   ----    ----
   PDATA SIZE       =   ----    ----
   DATA SIZE        =   ----       3
   IDATA SIZE       =   ----    ----
   BIT SIZE         =   ----    ----
END OF MODULE INFORMATION.


C51 COMPILATION COMPLETE.  0 WARNING(S),  0 ERROR(S)
