C51 COMPILER V9.60.0.0   MAIN                                                              11/02/2022 20:31:29 PAGE 1   


C51 COMPILER V9.60.0.0, COMPILATION OF MODULE MAIN
OBJECT MODULE PLACED IN .\Objects\main.obj
COMPILER INVOKED BY: C:\Keil_v5_c51\C51\BIN\C51.EXE main.c OPTIMIZE(8,SPEED) BROWSE DEBUG OBJECTEXTEND PRINT(.\Listings\
                    -main.lst) TABS(2) OBJECT(.\Objects\main.obj)

line level    source

   1          #include "reg52.h"
   2          sbit led0 = P2^0;
   3          void timer0Init(){ //1ms
   4   1        
   5   1        TMOD= 0x01;   //设置定时器模式
   6   1        TL0 = 0xCD;   //设置定时初值 //11001101
   7   1        TH0 = 0xD4;   //设置定时初值 //1101010011001101 65536
   8   1        TF0 = 0;    //清除TF0标志
   9   1        TR0 = 1;    //定时器0开始计时
  10   1      
  11   1      }
  12          int sum = 0;
  13          int main(){
  14   1        timer0Init();
  15   1        while(1){
  16   2          
  17   2        }
  18   1      }
  19          
  20          void timer0() interrupt 1
  21          {
  22   1          sum++;
  23   1          TL0 = 0xCD;   //设置定时初值 //11001101
  24   1          TH0 = 0xD4;
  25   1        if(sum == 1000){
  26   2          sum = 0;
  27   2          led0 = ~led0;
  28   2        }
  29   1      }


MODULE INFORMATION:   STATIC OVERLAYABLE
   CODE SIZE        =     60    ----
   CONSTANT SIZE    =   ----    ----
   XDATA SIZE       =   ----    ----
   PDATA SIZE       =   ----    ----
   DATA SIZE        =      2    ----
   IDATA SIZE       =   ----    ----
   BIT SIZE         =   ----    ----
END OF MODULE INFORMATION.


C51 COMPILATION COMPLETE.  0 WARNING(S),  0 ERROR(S)
