C51 COMPILER V9.57.0.0   ATTITUDE                                                          06/27/2022 03:12:54 PAGE 1   


C51 COMPILER V9.57.0.0, COMPILATION OF MODULE ATTITUDE
OBJECT MODULE PLACED IN .\Objects\attitude.obj
COMPILER INVOKED BY: C:\Keil_v5\C51\BIN\C51.EXE attitude.c OPTIMIZE(8,SPEED) BROWSE DEBUG OBJECTEXTEND PRINT(.\Listings\
                    -attitude.lst) TABS(2) OBJECT(.\Objects\attitude.obj)

line level    source

   1          #include <REGX52.H>
   2          #include "car.h"
   3          unsigned char Left_Speed_Ratio;  //左电机转速的设定值
   4          unsigned char Right_Speed_Ratio; //右电机转速的设定值
   5          
   6          extern unsigned char Left_Speed_Ratio;
   7          extern unsigned char Right_Speed_Ratio;
   8          extern unsigned char pwm_val_left;
   9          extern unsigned char pwm_val_right;
  10          
  11          void run(void)     //小车前行
  12          { 
  13   1        push_val_left =Left_Speed_Ratio;    
*** ERROR C202 IN LINE 13 OF attitude.c: 'push_val_left': undefined identifier
  14   1        push_val_right =Right_Speed_Ratio; 
*** ERROR C202 IN LINE 14 OF attitude.c: 'push_val_right': undefined identifier
  15   1        Left_moto_go(); 
  16   1        Right_moto_go(); 
  17   1      } 
  18          
  19           
  20          
  21          void back(void)   //小车后退
  22          { 
  23   1        push_val_left =Left_Speed_Ratio; 
*** ERROR C202 IN LINE 23 OF attitude.c: 'push_val_left': undefined identifier
  24   1        push_val_right =Right_Speed_Ratio; 
*** ERROR C202 IN LINE 24 OF attitude.c: 'push_val_right': undefined identifier
  25   1        Left_moto_back();
  26   1        Right_moto_back();
  27   1      } 
  28          
  29          
  30          
  31          void left(void)   //小车左转
  32          { 
  33   1        push_val_left =Left_Speed_Ratio; 
*** ERROR C202 IN LINE 33 OF attitude.c: 'push_val_left': undefined identifier
  34   1        push_val_right =Right_Speed_Ratio;
*** ERROR C202 IN LINE 34 OF attitude.c: 'push_val_right': undefined identifier
  35   1        Right_moto_go(); 
  36   1        Left_moto_stp();
  37   1      } 
  38          
  39           void right(void) //小车右转
  40          { 
  41   1        push_val_left =Left_Speed_Ratio;
*** ERROR C202 IN LINE 41 OF attitude.c: 'push_val_left': undefined identifier
  42   1        push_val_right =Right_Speed_Ratio;
*** ERROR C202 IN LINE 42 OF attitude.c: 'push_val_right': undefined identifier
  43   1        Right_moto_stp();
  44   1        Left_moto_go();
  45   1      } 
  46          
C51 COMPILER V9.57.0.0   ATTITUDE                                                          06/27/2022 03:12:54 PAGE 2   

  47          void stop(void)  //小车停止
  48          { 
  49   1        push_val_left =Left_Speed_Ratio; 
*** ERROR C202 IN LINE 49 OF attitude.c: 'push_val_left': undefined identifier
  50   1        push_val_right =Right_Speed_Ratio; 
*** ERROR C202 IN LINE 50 OF attitude.c: 'push_val_right': undefined identifier
  51   1        Left_moto_stp();
  52   1        Right_moto_stp();
  53   1      } 
  54          
  55          void rotate(void) //小车原地转圈
  56          { 
  57   1        push_val_left =Left_Speed_Ratio; 
*** ERROR C202 IN LINE 57 OF attitude.c: 'push_val_left': undefined identifier
  58   1        push_val_right =Right_Speed_Ratio; 
*** ERROR C202 IN LINE 58 OF attitude.c: 'push_val_right': undefined identifier
  59   1        Left_moto_back();
  60   1        Right_moto_go();
  61   1      } 

C51 COMPILATION COMPLETE.  0 WARNING(S),  12 ERROR(S)
