C51 COMPILER V9.57.0.0   BULETOOTH                                                         06/27/2022 15:21:45 PAGE 1   


C51 COMPILER V9.57.0.0, COMPILATION OF MODULE BULETOOTH
OBJECT MODULE PLACED IN .\Objects\buletooth.obj
COMPILER INVOKED BY: C:\Keil_v5\C51\BIN\C51.EXE buletooth.c OPTIMIZE(8,SPEED) BROWSE DEBUG OBJECTEXTEND PRINT(.\Listings
                    -\buletooth.lst) TABS(2) OBJECT(.\Objects\buletooth.obj)

line level    source

   1          #include "car.h"
   2          extern unsigned char ircode;
   3          
   4          void ConfigUART(unsigned int baud)
   5          {
   6   1          SCON  = 0x50;  //配置串口为模式1
   7   1          TMOD &= 0x0F;  //清零T1的控制位
   8   1          TMOD |= 0x20;  //配置T1为模式2
   9   1          TH1 = 256 - (11059200/12/32)/baud;  //计算T1重载值
  10   1          TL1 = TH1;     //初值等于重载值
  11   1          ET1 = 0;       //禁止T1中断
  12   1          ES  = 1;       //使能串口中断
  13   1          TR1 = 1;       //启动T1
  14   1      }
  15          
  16          void InterruptUART() interrupt 4
  17          {
  18   1      
  19   1        if(RI)
  20   1        {
  21   2          RI = 0;
  22   2          ircode=SBUF;
  23   2        }
  24   1        if(TI)
  25   1        {
  26   2          TI = 0;
  27   2        }
  28   1      }


MODULE INFORMATION:   STATIC OVERLAYABLE
   CODE SIZE        =     54    ----
   CONSTANT SIZE    =   ----    ----
   XDATA SIZE       =   ----    ----
   PDATA SIZE       =   ----    ----
   DATA SIZE        =   ----    ----
   IDATA SIZE       =   ----    ----
   BIT SIZE         =   ----    ----
END OF MODULE INFORMATION.


C51 COMPILATION COMPLETE.  0 WARNING(S),  0 ERROR(S)
