C51 COMPILER V9.57.0.0   FOLLOW_THE_TRAIL                                                  06/27/2022 15:18:52 PAGE 1   


C51 COMPILER V9.57.0.0, COMPILATION OF MODULE FOLLOW_THE_TRAIL
OBJECT MODULE PLACED IN .\Objects\follow the trail.obj
COMPILER INVOKED BY: C:\Keil_v5\C51\BIN\C51.EXE follow the trail.c OPTIMIZE(8,SPEED) BROWSE DEBUG OBJECTEXTEND PRINT(.\L
                    -istings\follow the trail.lst) TABS(2) OBJECT(.\Objects\follow the trail.obj)

line level    source

   1          #include "car.h"
   2          
   3          //sbit BOTTOM_L_led=P3^6;
   4          //sbit BOTTOM_R_led=P3^7;
   5          
   6          void follow_the_trail()
   7            
   8          {
   9   1      
  10   1        if(BOTTOM_L_led==0&&BOTTOM_R_led==0)
  11   1        {
  12   2          run();
  13   2        }
  14   1        else
  15   1        {
  16   2          if(BOTTOM_L_led==0&&BOTTOM_R_led==1)
  17   2          {
  18   3            left();
  19   3          }
  20   2          else
  21   2          {
  22   3            if(BOTTOM_L_led==1&&BOTTOM_R_led==0)
  23   3            {
  24   4              right();
  25   4            }
  26   3            else
  27   3            {
  28   4              if(BOTTOM_L_led==1&&BOTTOM_R_led==1)
  29   4              {
  30   5                back();
  31   5              }
  32   4            }
  33   3          }
  34   2        }
  35   1      
  36   1      }


MODULE INFORMATION:   STATIC OVERLAYABLE
   CODE SIZE        =     37    ----
   CONSTANT SIZE    =   ----    ----
   XDATA SIZE       =   ----    ----
   PDATA SIZE       =   ----    ----
   DATA SIZE        =   ----    ----
   IDATA SIZE       =   ----    ----
   BIT SIZE         =   ----    ----
END OF MODULE INFORMATION.


C51 COMPILATION COMPLETE.  0 WARNING(S),  0 ERROR(S)
