C51 COMPILER V9.57.0.0   PWM_OUT_MOTO                                                      06/27/2022 15:18:52 PAGE 1   


C51 COMPILER V9.57.0.0, COMPILATION OF MODULE PWM_OUT_MOTO
OBJECT MODULE PLACED IN .\Objects\pwm_out_moto.obj
COMPILER INVOKED BY: C:\Keil_v5\C51\BIN\C51.EXE pwm_out_moto.c OPTIMIZE(8,SPEED) BROWSE DEBUG OBJECTEXTEND PRINT(.\Listi
                    -ngs\pwm_out_moto.lst) TABS(2) OBJECT(.\Objects\pwm_out_moto.obj)

line level    source

   1          #include <car.h>
   2          
   3          
   4          unsigned char pwm_val_left =0;
   5          unsigned char push_val_left =0; 
   6          unsigned char pwm_val_right =0;
   7          unsigned char push_val_right=0;
   8          unsigned char Left_Speed_Ratio;
   9          unsigned char Right_Speed_Ratio;
  10          
  11          bit Left_moto_stop =1;
  12          bit Right_moto_stop =1;
  13          
  14          
  15          void Left_moto_go()  //左电机正转
  16          {p34=0;p35=1;} 
  17          void Left_moto_back() //左电机反转
  18          {p34=1;p35=0;} 
  19          void Left_moto_stp()  //左电机停转
  20           {p34=1;p35=1;} 
  21          void Right_moto_go()  //右电机正转
  22          {p36=0;p37=1;} 
  23          void Right_moto_back() //右电机反转
  24          {p36=1;p37=0;}  
  25          void Right_moto_stp()  //右电机停转
  26          {p36=1;p37=1;} 
  27          
  28          
  29          void pwm_out_left_moto(void)    //左电机PWM
  30          { 
  31   1      if(Left_moto_stop) 
  32   1      { 
  33   2      if(pwm_val_left<=push_val_left) 
  34   2      Left_moto_pwm=1; 
  35   2      else 
  36   2      Left_moto_pwm=0;
  37   2      if(pwm_val_left>=10)  
  38   2      pwm_val_left=0; 
  39   2      } 
  40   1      else 
  41   1      Left_moto_pwm=0; 
  42   1      } 
  43          
  44          void pwm_out_right_moto(void)    //右电机PWM
  45          { 
  46   1      if(Right_moto_stop) 
  47   1      { 
  48   2      if(pwm_val_right<=push_val_right) 
  49   2      Right_moto_pwm=1; 
  50   2      else 
  51   2      Right_moto_pwm=0; 
  52   2      if(pwm_val_right>=10) 
  53   2      pwm_val_right=0; 
  54   2      } 
C51 COMPILER V9.57.0.0   PWM_OUT_MOTO                                                      06/27/2022 15:18:52 PAGE 2   

  55   1      else 
  56   1      Right_moto_pwm=0; 
  57   1      } 
  58          
  59          
  60          void run(void)     //小车前行
  61          { 
  62   1      push_val_left =Left_Speed_Ratio;    
  63   1      push_val_right =Right_Speed_Ratio; 
  64   1      Left_moto_go(); 
  65   1      Right_moto_go(); 
  66   1       } 
  67          
  68           
  69          
  70          void back(void)   //小车后退
  71          { 
  72   1      push_val_left =Left_Speed_Ratio; 
  73   1      push_val_right =Right_Speed_Ratio; 
  74   1      Left_moto_back();
  75   1      Right_moto_back();
  76   1       } 
  77          
  78          
  79          
  80          void left(void)   //小车左转
  81          { 
  82   1      push_val_left =Left_Speed_Ratio; 
  83   1      push_val_right =Right_Speed_Ratio;
  84   1      Right_moto_go(); 
  85   1      Left_moto_back();
  86   1      } 
  87          
  88           void right(void) //小车右转
  89          { 
  90   1      push_val_left =Left_Speed_Ratio;
  91   1      push_val_right =Right_Speed_Ratio;
  92   1      Right_moto_back();
  93   1      Left_moto_go();
  94   1      } 
  95          
  96          void stop(void)  //小车停止
  97          { 
  98   1      push_val_left =Left_Speed_Ratio; 
  99   1      push_val_right =Right_Speed_Ratio; 
 100   1      Left_moto_stp();
 101   1      Right_moto_stp();
 102   1       } 
 103          
 104          void rotate(void) //小车原地转圈
 105          { 
 106   1      push_val_left =Left_Speed_Ratio; 
 107   1      push_val_right =Right_Speed_Ratio; 
 108   1      Left_moto_back();
 109   1      Right_moto_go();
 110   1       } 


MODULE INFORMATION:   STATIC OVERLAYABLE
   CODE SIZE        =    156    ----
   CONSTANT SIZE    =   ----    ----
   XDATA SIZE       =   ----    ----
C51 COMPILER V9.57.0.0   PWM_OUT_MOTO                                                      06/27/2022 15:18:52 PAGE 3   

   PDATA SIZE       =   ----    ----
   DATA SIZE        =      6    ----
   IDATA SIZE       =   ----    ----
   BIT SIZE         =      2    ----
END OF MODULE INFORMATION.


C51 COMPILATION COMPLETE.  0 WARNING(S),  0 ERROR(S)
