C51 COMPILER V9.53.0.0   MAIN                                                              11/10/2021 15:57:42 PAGE 1   


C51 COMPILER V9.53.0.0, COMPILATION OF MODULE MAIN
OBJECT MODULE PLACED IN main.OBJ
COMPILER INVOKED BY: C:\Keil_v5\C51\BIN\C51.EXE main.c OPTIMIZE(8,SPEED) BROWSE DEBUG OBJECTEXTEND

line level    source

   1          #include <REGX52.H>
   2          #include "DELAY.H"
   3          void main()
   4          {
   5   1              P0=~P0;
   6   1              while(1)        
   7   1              {
   8   2                      int x=6;
   9   2                      while(x)
  10   2                      {
  11   3                              Delay(30);
  12   3                              P0=~P0;
  13   3                              x--;
  14   3                      }
  15   2      
  16   2                      Delay(500);
  17   2              }
  18   1      
  19   1      }


MODULE INFORMATION:   STATIC OVERLAYABLE
   CODE SIZE        =     42    ----
   CONSTANT SIZE    =   ----    ----
   XDATA SIZE       =   ----    ----
   PDATA SIZE       =   ----    ----
   DATA SIZE        =   ----       2
   IDATA SIZE       =   ----    ----
   BIT SIZE         =   ----    ----
END OF MODULE INFORMATION.


C51 COMPILATION COMPLETE.  0 WARNING(S),  0 ERROR(S)
