C51 COMPILER V9.53.0.0   MAIN                                                              05/10/2022 21:14:37 PAGE 1   


C51 COMPILER V9.53.0.0, COMPILATION OF MODULE MAIN
OBJECT MODULE PLACED IN main.OBJ
COMPILER INVOKED BY: C:\Keil_v5\C51\BIN\C51.EXE main.c OPTIMIZE(8,SPEED) BROWSE DEBUG OBJECTEXTEND

line level    source

   1          #include <REGX52.H>
   2          sbit moto=P1^0;
   3          void Delay(unsigned int xms)            //@11.0592MHz
   4          {
   5   1              unsigned char i, j;
   6   1      
   7   1              while(xms)
   8   1              {
   9   2                              i = 2;
  10   2                      j = 199;
  11   2                      do
  12   2                      {
  13   3                              while (--j);
  14   3                      } while (--i);
  15   2                      xms--;
  16   2              }
  17   1      }
  18          
  19          void main()
  20          {
  21   1              moto=0;
  22   1              while(1)
  23   1              {
  24   2                      Delay(50);
  25   2                      if(P3_1==0)
  26   2                      {
  27   3                              moto=~moto;
  28   3                              while(P3_1==0)
  29   3                              {
  30   4                                      Delay(20);
  31   4                              }
  32   3                      }
  33   2                              if(P3_2==0)
  34   2                      {
  35   3                              while(P3_2==0)
  36   3                              {
  37   4                                      Delay(20);
  38   4                              }
  39   3                              while(P3_2==1)
  40   3                              {
  41   4                                      Delay(100);
  42   4                                      moto=~moto;
  43   4                                      if(P3_2==0)
  44   4                                      {break;}
  45   4                              }
  46   3                              moto=0;
  47   3                              while(P3_2==0)
  48   3                              {
  49   4                                      Delay(20);
  50   4                              }
  51   3                      }
  52   2                      
  53   2                      
  54   2              }
  55   1      }
C51 COMPILER V9.53.0.0   MAIN                                                              05/10/2022 21:14:37 PAGE 2   

  56          


MODULE INFORMATION:   STATIC OVERLAYABLE
   CODE SIZE        =     82    ----
   CONSTANT SIZE    =   ----    ----
   XDATA SIZE       =   ----    ----
   PDATA SIZE       =   ----    ----
   DATA SIZE        =   ----    ----
   IDATA SIZE       =   ----    ----
   BIT SIZE         =   ----    ----
END OF MODULE INFORMATION.


C51 COMPILATION COMPLETE.  0 WARNING(S),  0 ERROR(S)
