C51 COMPILER V9.53.0.0   MAIN                                                              11/09/2021 17:41:09 PAGE 1   


C51 COMPILER V9.53.0.0, COMPILATION OF MODULE MAIN
OBJECT MODULE PLACED IN main.OBJ
COMPILER INVOKED BY: C:\Keil_v5\C51\BIN\C51.EXE main.c OPTIMIZE(8,SPEED) BROWSE DEBUG OBJECTEXTEND

line level    source

   1          #include <REGX52.H>
   2          
   3          void main()
   4                  
   5          {
   6   1              
   7   1              while(1)
   8   1              {
   9   2                      wei=1;
*** ERROR C202 IN LINE 9 OF main.c: 'wei': undefined identifier
  10   2                      P2_0=0;
  11   2                      P2_1=0;
  12   2                      P2_2=0;
  13   2                      P2_3=0;
  14   2                      wei=0;
*** ERROR C202 IN LINE 14 OF main.c: 'wei': undefined identifier
  15   2                      
  16   2              }
  17   1                      
  18   1                      
  19   1              
  20   1      }

C51 COMPILATION COMPLETE.  0 WARNING(S),  2 ERROR(S)
