C51 COMPILER V9.60.0.0   MAIN                                                              06/26/2023 17:09:24 PAGE 1   


C51 COMPILER V9.60.0.0, COMPILATION OF MODULE MAIN
OBJECT MODULE PLACED IN main.OBJ
COMPILER INVOKED BY: C:\Keil_v5_c51\C51\BIN\C51.EXE main.c OPTIMIZE(8,SPEED) BROWSE DEBUG OBJECTEXTEND TABS(2)

line level    source

   1          #include <reg52.h>
   2          
   3          
   4          void DelayMs(unsigned int i);
   5          void SerialInit();
   6          void SendByte(unsigned char sbyte);
   7          void SendString(unsigned char *pstr);
   8          
   9          
  10          void main(void)
  11          {
  12   1          SerialInit();
  13   1            SendString("CLR(1);\r\n");
  14   1          while(1);   //注:必需要无限循环
  15   1      }
  16          
  17          
  18          /*
  19          //单片机时钟周期:11.0592MHz   以时钟1作为波特率发生器
  20          void SerialInit(){
  21           TMOD=0x20;   //设置T1工作方式为方式2
  22           TH1=0xfd; //给定时器高位装初值
  23           TL1=0xfd; //给定时器低位装初值
  24           TR1=1;  //开定时器
  25                       //以上是设置波特率
  26           SM0=0;  //设置串口通讯方式为方式1
  27           SM1=1;  
  28           REN=1;  //串口是否接收数据的开关
  29          
  30           EA=1; //总中断打开,采用查询法时不用打开中断
  31           ES=1; //串口中断开关,采用查询法时不用打开中断
  32          }
  33          */
  34          //单片机时钟周期:11.0592MHz     以时钟T2作为波特率发生器
  35          void SerialInit(){
  36   1         PCON &= 0x7F;    //波特率不倍速
  37   1        SCON = 0x40;    //8位数据,可变波特率
  38   1        TMOD &= 0x0F;   //清除定时器1模式位
  39   1        TMOD |= 0x20;   //设定定时器1为8位自动重装方式
  40   1        TL1 = 0xFD;     //设定定时初值
  41   1        TH1 = 0xFD;     //设定定时器重装值    
  42   1        TR1 = 1;      //启动定时器1
  43   1        ET1 = 0;          //禁止定时器1中断
  44   1      
  45   1      }
  46          
  47          
  48          //串口中断函数:
  49          void SerialPortInte(void) interrupt 4 //采用串口中断法收发数据
  50          {
  51   1         unsigned char rbyte;
  52   1         if(RI){     //RI=1,判定为串口接收到了数据，RI要清零，
  53   2               RI=0;
  54   2           rbyte=SBUF; 
  55   2           if(rbyte==0x0A){     
C51 COMPILER V9.60.0.0   MAIN                                                              06/26/2023 17:09:24 PAGE 2   

  56   3              SendString("换行");
  57   3           }else if(rbyte==0x0D){
  58   3            SendString("回车");
  59   3           }else{
  60   3            SendByte(rbyte); 
  61   3           }
  62   2            
  63   2           }
  64   1      
  65   1      }
  66          
  67          //串口发送一个字节:
  68          void SendByte(unsigned char sbyte)
  69          { 
  70   1           SBUF=sbyte; //发送数据
  71   1           while(!TI); //等待发送完成
  72   1           TI=0; //清零发送标志位
  73   1      }
  74           
  75          //串口发送一个字符串:
  76          void SendString(unsigned char *pstr) //定义指针
  77          {
  78   1           while(*pstr!='\0') //字符串是否发完
  79   1           {
  80   2               SendByte(*pstr);//发送字符串数据
  81   2               pstr++; //指向下一个字符
  82   2           }
  83   1      }
  84          
  85          void DelayMs(unsigned int i)  //延时i ms
  86          {
  87   1          unsigned int j;
  88   1          while(i--)
  89   1          {
  90   2              for(j = 0; j < 125; j++);
  91   2          }
  92   1      }


MODULE INFORMATION:   STATIC OVERLAYABLE
   CODE SIZE        =    194    ----
   CONSTANT SIZE    =     24    ----
   XDATA SIZE       =   ----    ----
   PDATA SIZE       =   ----    ----
   DATA SIZE        =   ----       1
   IDATA SIZE       =   ----    ----
   BIT SIZE         =   ----    ----
END OF MODULE INFORMATION.


C51 COMPILATION COMPLETE.  0 WARNING(S),  0 ERROR(S)
