C51 COMPILER V9.53.0.0   UART                                                              05/14/2022 13:28:40 PAGE 1   


C51 COMPILER V9.53.0.0, COMPILATION OF MODULE UART
OBJECT MODULE PLACED IN uart.OBJ
COMPILER INVOKED BY: C:\Keil_v5\C51\BIN\C51.EXE uart.c OPTIMIZE(8,SPEED) BROWSE DEBUG OBJECTEXTEND

line level    source

   1          #include "reg52.h"
   2          /**
   3            * @brief  串口初始化，//9600bps@11.0592MHz
   4            * @param  无
   5            * @retval 无
   6            */
   7          void UartInit(void)             //9600bps@11.0592MHz
   8          {
   9   1              SCON = 0x50;            //8位数据,可变波特率
  10   1              AUXR |= 0x40;           //定时器1时钟为Fosc,即1T
  11   1              AUXR &= 0xFE;           //串口1选择定时器1为波特率发生器
  12   1              TMOD &= 0x0F;           //设定定时器1为16位自动重装方式
  13   1              TL1 = 0xE0;             //设定定时初值
  14   1              TH1 = 0xFE;             //设定定时初值
  15   1              ET1 = 0;                //禁止定时器1中断
  16   1              TR1 = 1;                //启动定时器1
  17   1      }
  18          
  19          
  20          
  21          /**
  22            * @brief  串口发送一个字节数据
  23            * @param  Byte 要发送的一个字节数据
  24            * @retval 无
  25            */
  26          void UART_SendByte(unsigned char Byte)
  27          {
  28   1              SBUF=Byte;
  29   1              while(TI==0);
  30   1              TI=0;
  31   1      }


MODULE INFORMATION:   STATIC OVERLAYABLE
   CODE SIZE        =     31    ----
   CONSTANT SIZE    =   ----    ----
   XDATA SIZE       =   ----    ----
   PDATA SIZE       =   ----    ----
   DATA SIZE        =   ----    ----
   IDATA SIZE       =   ----    ----
   BIT SIZE         =   ----    ----
END OF MODULE INFORMATION.


C51 COMPILATION COMPLETE.  0 WARNING(S),  0 ERROR(S)
