C51 COMPILER V9.53.0.0   MAIN                                                              11/08/2021 23:29:02 PAGE 1   


C51 COMPILER V9.53.0.0, COMPILATION OF MODULE MAIN
OBJECT MODULE PLACED IN main.OBJ
COMPILER INVOKED BY: C:\Keil_v5\C51\BIN\C51.EXE main.c OPTIMIZE(8,SPEED) BROWSE DEBUG OBJECTEXTEND

line level    source

   1          #include <REGX52.H>
   2          sbit bee=P1^6;
   3          void main()
   4          {
   5   1              P0=0x00;
   6   1              
   7   1              while(1)
   8   1              {
   9   2                      bee=~bee;
  10   2                      if(P1_0==0)
  11   2                      {
  12   3                              P0_0=1;
  13   3                              P0_1=1;
  14   3                              P1_6=1;
  15   3                      }
  16   2                      else
  17   2                      {
  18   3                              P0_0=0;
  19   3                              P0_1=0;
  20   3                      }
  21   2                      
  22   2                      if(P1_1==0)
  23   2                      {
  24   3                              P0_2=1;
  25   3                              P0_3=1;
  26   3                              P1_6=0;
  27   3                      }
  28   2                      else
  29   2                      {
  30   3                              P0_2=0;
  31   3                              P0_3=0;
  32   3                      }
  33   2                      
  34   2                      if(P1_2==0)
  35   2                      {
  36   3                              P0_4=1;
  37   3                              P0_5=1;
  38   3                              P1_6=0;
  39   3                      }
  40   2                      else
  41   2                      {
  42   3                              P0_4=0;
  43   3                              P0_5=0;
  44   3                      }
  45   2                      
  46   2                      if(P1_3==0)
  47   2                      {
  48   3                              P0_6=1;
  49   3                              P0_7=1;
  50   3                              P1_6=0;
  51   3                      }
  52   2                      else
  53   2                      {
  54   3                              P0_6=0;
  55   3                              P0_7=0;
C51 COMPILER V9.53.0.0   MAIN                                                              11/08/2021 23:29:02 PAGE 2   

  56   3                      }
  57   2                      
  58   2                              
  59   2              }
  60   1      }


MODULE INFORMATION:   STATIC OVERLAYABLE
   CODE SIZE        =     67    ----
   CONSTANT SIZE    =   ----    ----
   XDATA SIZE       =   ----    ----
   PDATA SIZE       =   ----    ----
   DATA SIZE        =   ----    ----
   IDATA SIZE       =   ----    ----
   BIT SIZE         =   ----    ----
END OF MODULE INFORMATION.


C51 COMPILATION COMPLETE.  0 WARNING(S),  0 ERROR(S)
