C51 COMPILER V9.53.0.0   MAIN                                                              04/17/2022 20:49:09 PAGE 1   


C51 COMPILER V9.53.0.0, COMPILATION OF MODULE MAIN
OBJECT MODULE PLACED IN main.OBJ
COMPILER INVOKED BY: C:\Keil_v5\C51\BIN\C51.EXE main.c OPTIMIZE(8,SPEED) BROWSE DEBUG OBJECTEXTEND

line level    source

   1          #include "reg52.h"
   2          
   3          sbit LSA=P2^2;
   4          sbit LSB=P2^3;
   5          sbit LSC=P2^4;
   6          #define SMG P0
   7          unsigned char num_code[17]={0x3f,0x06,0x5b,0x4f,0x66,0x6d,0x7d,0x07,0x7f,0x6f,0x77,0x7c,0x39,0x5e,0x79,0x7
             -1};
   8          
   9          void Delay(unsigned int xms)            //@11.0592MHz
  10          {
  11   1              unsigned char i, j;
  12   1      
  13   1              while(xms)
  14   1              {
  15   2                              i = 2;
  16   2                      j = 199;
  17   2                      do
  18   2                      {
  19   3                              while (--j);
  20   3                      } while (--i);
  21   2                      xms--;
  22   2              }
  23   1      }
  24          
  25          void smg_switch(int x)//位选到第x个数码管
  26          {
  27   1              x=8-x;
  28   1              LSA=x%2;
  29   1              x=x/2;
  30   1              LSB=x%2;
  31   1              x=x/2;
  32   1              LSC=x%2;
  33   1      }
  34          
  35          void main()
  36          {
  37   1              int i;
  38   1              while(1)
  39   1              {
  40   2                      for(i=1;i<9;i++)
  41   2                      {
  42   3                              smg_switch(i);
  43   3                              SMG=num_code[i-1];
  44   3                              Delay(200);
  45   3                              SMG=0x00;
  46   3                      }
  47   2              }
  48   1      }


MODULE INFORMATION:   STATIC OVERLAYABLE
   CODE SIZE        =    141    ----
   CONSTANT SIZE    =   ----    ----
   XDATA SIZE       =   ----    ----
C51 COMPILER V9.53.0.0   MAIN                                                              04/17/2022 20:49:09 PAGE 2   

   PDATA SIZE       =   ----    ----
   DATA SIZE        =     17    ----
   IDATA SIZE       =   ----    ----
   BIT SIZE         =   ----    ----
END OF MODULE INFORMATION.


C51 COMPILATION COMPLETE.  0 WARNING(S),  0 ERROR(S)
