C51 COMPILER V9.60.0.0   STEPPER_MOTOR_5L4P                                                12/02/2022 21:57:28 PAGE 1   


C51 COMPILER V9.60.0.0, COMPILATION OF MODULE STEPPER_MOTOR_5L4P
OBJECT MODULE PLACED IN stepper_motor_5L4P.OBJ
COMPILER INVOKED BY: C:\Keil_v5_c51\C51\BIN\C51.EXE stepper_motor_5L4P.c OPTIMIZE(8,SPEED) BROWSE DEBUG OBJECTEXTEND TAB
                    -S(2)

line level    source

   1          
   2          #include "stepper_motor_5L4P.h"
   3          
   4          unsigned char code F_Rotation[4]={0xf1,0xf2,0xf4,0xf8};  
   5          unsigned char code B_Rotation[4]={0xf8,0xf4,0xf2,0xf1};  
   6          
   7          
   8          int stepper_c  = 0;
   9          
  10          unsigned int stepper_c_conter = 0;
  11          unsigned int MAX_STEP = 450;
  12          
  13          unsigned char flag_pos_inv = 0;
  14          
  15          void stepper_run(){
  16   1        if( flag_pos_inv == POSITIVE && stepper_c_conter < MAX_STEP){
  17   2          STEPPER_PIN |= 0x0f;
  18   2          STEPPER_PIN &= F_Rotation[stepper_c++]; 
  19   2          if(stepper_c >= 4){
  20   3            stepper_c = 0;
  21   3          }
  22   2          stepper_c_conter++;
  23   2        }else if( stepper_c_conter < MAX_STEP ) {
  24   2          STEPPER_PIN |= 0x0f;
  25   2          STEPPER_PIN &= B_Rotation[stepper_c++]; 
  26   2          if(stepper_c >= 4){
  27   3            stepper_c = 0;
  28   3          }
  29   2          stepper_c_conter++;
  30   2        }
  31   1        if( stepper_c_conter >= MAX_STEP ) {
  32   2           TR2 = 0; 
  33   2        }
  34   1      }
  35          
  36          
  37          void stepper_init(unsigned char rot_per_sec, unsigned char flag_pos_inv_tmp ){
  38   1        flag_pos_inv = flag_pos_inv_tmp;
  39   1        timer2_start(rot_per_sec, stepper_run);
  40   1        stepper_c_conter = 0;
  41   1      }
  42          
  43          


MODULE INFORMATION:   STATIC OVERLAYABLE
   CODE SIZE        =    167    ----
   CONSTANT SIZE    =      8    ----
   XDATA SIZE       =   ----    ----
   PDATA SIZE       =   ----    ----
   DATA SIZE        =     16    ----
   IDATA SIZE       =   ----    ----
   BIT SIZE         =   ----    ----
END OF MODULE INFORMATION.

C51 COMPILER V9.60.0.0   STEPPER_MOTOR_5L4P                                                12/02/2022 21:57:28 PAGE 2   


C51 COMPILATION COMPLETE.  0 WARNING(S),  0 ERROR(S)
