C51 COMPILER V9.60.0.0   TIMER2                                                            12/02/2022 21:57:28 PAGE 1   


C51 COMPILER V9.60.0.0, COMPILATION OF MODULE TIMER2
OBJECT MODULE PLACED IN timer2.OBJ
COMPILER INVOKED BY: C:\Keil_v5_c51\C51\BIN\C51.EXE timer2.c OPTIMIZE(8,SPEED) BROWSE DEBUG OBJECTEXTEND TABS(2)

line level    source

   1          #include "timer2.h"
   2          
   3          unsigned int timer2_interrupt_counter_V = 0;
   4          
   5          void timer2_IR() interrupt 5{
   6   1          static unsigned int timer2_interrupt_counter = 0; 
   7   1          TF2 = 0;
   8   1          timer2_interrupt_counter++;
   9   1          if( timer2_interrupt_counter >= timer2_interrupt_counter_V ) {  
  10   2              timer2_interrupt_counter = 0;
  11   2              TIMER_CallBackTable[1]();
  12   2          }
  13   1        /*   static u16 timer1_interrupt_counter = 0;
  14   1          TR1 = 0; 
  15   1          TH1 = 0xFC;
  16   1          TL1 = 0x6b;
  17   1          TR1 = 1; 
  18   1          timer1_interrupt_counter++;
  19   1          if( timer1_interrupt_counter >= timer1_interrupt_counter_V ) {  
  20   1              timer1_interrupt_counter = 0;
  21   1              tIMER1_CallBackTable[1]();*/
  22   1      }
  23          
  24          void timer2_start(int ms, TIMER_CallBackType AppCBFun){
  25   1        timer2_interrupt_counter_V = ms;
  26   1        TIMER_CallBackTable[1] = AppCBFun;
  27   1        
  28   1        T2MOD = 0;     
  29   1        T2CON = 0;     
  30   1      
  31   1        TL2 = 0x66;   //设置定时初值
  32   1        TH2 = 0xFC;   //设置定时初值
  33   1        RCAP2L = 0x66;    //设置定时重载值
  34   1        RCAP2H = 0xFC;    //设置定时重载值
  35   1        TR2 = 1;     
  36   1      
  37   1        EA = 1;
  38   1        ET2 = 1;
  39   1        TR2 = 1; 
  40   1        PT2 = 1;
  41   1        TF2 = 0;
  42   1        /*  timer1_interrupt_counter_V = ms;
  43   1        tIMER1_CallBackTable[1] = AppCBFun;
  44   1        
  45   1        TMOD &= 0x0f;    
  46   1        TMOD |= 0x10;    
  47   1        TH1 = 0xFC;
  48   1        TL1 = 0x6b;
  49   1        EA = 1;   
  50   1        ET1 = 1; 
  51   1        TR1 = 1; 
  52   1        
  53   1        if(timer1_interrupt_counter_V < 1 || timer1_interrupt_counter_V > 60000 ){ TR1 = 0;}*/
  54   1      }
  55          
C51 COMPILER V9.60.0.0   TIMER2                                                            12/02/2022 21:57:28 PAGE 2   



MODULE INFORMATION:   STATIC OVERLAYABLE
   CODE SIZE        =    128    ----
   CONSTANT SIZE    =   ----    ----
   XDATA SIZE       =   ----    ----
   PDATA SIZE       =   ----    ----
   DATA SIZE        =     13    ----
   IDATA SIZE       =   ----    ----
   BIT SIZE         =   ----    ----
END OF MODULE INFORMATION.


C51 COMPILATION COMPLETE.  0 WARNING(S),  0 ERROR(S)
