C51 COMPILER V9.53.0.0   MAIN                                                              11/08/2021 20:27:46 PAGE 1   


C51 COMPILER V9.53.0.0, COMPILATION OF MODULE MAIN
OBJECT MODULE PLACED IN main.OBJ
COMPILER INVOKED BY: C:\Keil_v5\C51\BIN\C51.EXE main.c OPTIMIZE(8,SPEED) BROWSE DEBUG OBJECTEXTEND TABS(2)

line level    source

   1          #include <REGX52.H>
   2          #include <INTRINS.H>
   3          
   4          void Delay100ms()   //@11.0592MHz
   5          {
   6   1        unsigned char i, j;
   7   1      
   8   1        i = 180;
   9   1        j = 73;
  10   1        do
  11   1        {
  12   2          while (--j);
  13   2        } while (--i);
  14   1      }
  15          
  16          
  17          void main()
  18          {
  19   1        while(1)
  20   1        {
  21   2          P0=0x01;
  22   2          Delay100ms();
  23   2          P0=0x02;
  24   2          Delay100ms();
  25   2          P0=0x04;
  26   2          Delay100ms();
  27   2          P0=0x08;
  28   2          Delay100ms();
  29   2          P0=0x10;
  30   2          Delay100ms();
  31   2          P0=0x20;
  32   2          Delay100ms();
  33   2          P0=0x40;
  34   2          Delay100ms();
  35   2          P0=0x80;
  36   2          Delay100ms();
  37   2        
  38   2          P0=0x40;
  39   2          Delay100ms();
  40   2          P0=0x20;
  41   2          Delay100ms();
  42   2          P0=0x10;
  43   2          Delay100ms();
  44   2          P0=0x08;
  45   2          Delay100ms();
  46   2          P0=0x04;
  47   2          Delay100ms();
  48   2          P0=0x02;
  49   2          Delay100ms();
  50   2        }
  51   1      }


MODULE INFORMATION:   STATIC OVERLAYABLE
   CODE SIZE        =     89    ----
C51 COMPILER V9.53.0.0   MAIN                                                              11/08/2021 20:27:46 PAGE 2   

   CONSTANT SIZE    =   ----    ----
   XDATA SIZE       =   ----    ----
   PDATA SIZE       =   ----    ----
   DATA SIZE        =   ----    ----
   IDATA SIZE       =   ----    ----
   BIT SIZE         =   ----    ----
END OF MODULE INFORMATION.


C51 COMPILATION COMPLETE.  0 WARNING(S),  0 ERROR(S)
